{"C:\\Users\\crash\\Documents\\django-react\\frontend\\src\\App.test.tsx": {"path":"C:\\Users\\crash\\Documents\\django-react\\frontend\\src\\App.test.tsx","statementMap":{"0":{"start":{"line":3,"column":0},"end":{"line":3,"column":52}},"1":{"start":{"line":1,"column":0},"end":{"line":1,"column":55}},"2":{"start":{"line":2,"column":0},"end":{"line":2,"column":48}},"3":{"start":{"line":4,"column":0},"end":{"line":4,"column":23}},"4":{"start":{"line":6,"column":0},"end":{"line":15,"column":null}},"5":{"start":{"line":7,"column":2},"end":{"line":14,"column":null}},"6":{"start":{"line":8,"column":4},"end":{"line":12,"column":null}},"7":{"start":{"line":13,"column":4},"end":{"line":13,"column":null}}},"fnMap":{"0":{"name":"(anonymous_1)","decl":{"start":{"line":6,"column":16},"end":{"line":6,"column":19}},"loc":{"start":{"line":6,"column":21},"end":{"line":15,"column":1}}},"1":{"name":"(anonymous_2)","decl":{"start":{"line":7,"column":33},"end":{"line":7,"column":36}},"loc":{"start":{"line":7,"column":38},"end":{"line":14,"column":3}}}},"branchMap":{},"s":{"0":0,"1":0,"2":0,"3":0,"4":0,"5":0,"6":0,"7":0},"f":{"0":0,"1":0},"b":{}}
,"C:\\Users\\crash\\Documents\\django-react\\frontend\\src\\App.tsx": {"path":"C:\\Users\\crash\\Documents\\django-react\\frontend\\src\\App.tsx","statementMap":{"0":{"start":{"line":1,"column":0},"end":{"line":1,"column":48}},"1":{"start":{"line":2,"column":0},"end":{"line":2,"column":40}},"2":{"start":{"line":3,"column":0},"end":{"line":3,"column":47}},"3":{"start":{"line":4,"column":0},"end":{"line":4,"column":47}},"4":{"start":{"line":5,"column":0},"end":{"line":5,"column":51}},"5":{"start":{"line":6,"column":0},"end":{"line":6,"column":47}},"6":{"start":{"line":7,"column":0},"end":{"line":7,"column":41}},"7":{"start":{"line":8,"column":0},"end":{"line":8,"column":39}},"8":{"start":{"line":11,"column":22},"end":{"line":17,"column":3}},"9":{"start":{"line":13,"column":4},"end":{"line":13,"column":null}},"10":{"start":{"line":19,"column":2},"end":{"line":62,"column":null}},"11":{"start":{"line":65,"column":0},"end":{"line":65,"column":null}}},"fnMap":{"0":{"name":"App","decl":{"start":{"line":10,"column":9},"end":{"line":10,"column":12}},"loc":{"start":{"line":10,"column":12},"end":{"line":63,"column":1}}},"1":{"name":"(anonymous_2)","decl":{"start":{"line":11,"column":22},"end":{"line":11,"column":23}},"loc":{"start":{"line":11,"column":67},"end":{"line":17,"column":3}}}},"branchMap":{},"s":{"0":1,"1":1,"2":1,"3":1,"4":1,"5":1,"6":1,"7":1,"8":1,"9":0,"10":1,"11":1},"f":{"0":1,"1":0},"b":{}}
,"C:\\Users\\crash\\Documents\\django-react\\frontend\\src\\main.tsx": {"path":"C:\\Users\\crash\\Documents\\django-react\\frontend\\src\\main.tsx","statementMap":{"0":{"start":{"line":1,"column":0},"end":{"line":1,"column":25}},"1":{"start":{"line":2,"column":0},"end":{"line":2,"column":39}},"2":{"start":{"line":3,"column":0},"end":{"line":3,"column":72}},"3":{"start":{"line":4,"column":0},"end":{"line":4,"column":48}},"4":{"start":{"line":5,"column":0},"end":{"line":5,"column":41}},"5":{"start":{"line":6,"column":0},"end":{"line":6,"column":27}},"6":{"start":{"line":7,"column":0},"end":{"line":7,"column":20}},"7":{"start":{"line":10,"column":20},"end":{"line":17,"column":2}},"8":{"start":{"line":19,"column":0},"end":{"line":51,"column":null}}},"fnMap":{},"branchMap":{},"s":{"0":0,"1":0,"2":0,"3":0,"4":0,"5":0,"6":0,"7":0,"8":0},"f":{},"b":{}}
,"C:\\Users\\crash\\Documents\\django-react\\frontend\\src\\components\\Layout.tsx": {"path":"C:\\Users\\crash\\Documents\\django-react\\frontend\\src\\components\\Layout.tsx","statementMap":{"0":{"start":{"line":2,"column":0},"end":{"line":2,"column":52}},"1":{"start":{"line":3,"column":0},"end":{"line":3,"column":69}},"2":{"start":{"line":9,"column":15},"end":{"line":65,"column":1}},"3":{"start":{"line":10,"column":19},"end":{"line":10,"column":32}},"4":{"start":{"line":12,"column":19},"end":{"line":14,"column":3}},"5":{"start":{"line":13,"column":4},"end":{"line":13,"column":null}},"6":{"start":{"line":16,"column":2},"end":{"line":64,"column":null}},"7":{"start":{"line":67,"column":0},"end":{"line":67,"column":null}}},"fnMap":{"0":{"name":"(anonymous_0)","decl":{"start":{"line":9,"column":15},"end":{"line":9,"column":16}},"loc":{"start":{"line":9,"column":45},"end":{"line":65,"column":1}}},"1":{"name":"(anonymous_1)","decl":{"start":{"line":12,"column":19},"end":{"line":12,"column":20}},"loc":{"start":{"line":12,"column":36},"end":{"line":14,"column":3}}}},"branchMap":{"0":{"loc":{"start":{"line":13,"column":11},"end":{"line":13,"column":81}},"type":"binary-expr","locations":[{"start":{"line":13,"column":11},"end":{"line":13,"column":37}},{"start":{"line":13,"column":41},"end":{"line":13,"column":81}}]},"1":{"loc":{"start":{"line":32,"column":20},"end":{"line":34,"column":null}},"type":"cond-expr","locations":[{"start":{"line":33,"column":24},"end":{"line":33,"column":58}},{"start":{"line":34,"column":24},"end":{"line":34,"column":null}}]},"2":{"loc":{"start":{"line":43,"column":20},"end":{"line":45,"column":null}},"type":"cond-expr","locations":[{"start":{"line":44,"column":24},"end":{"line":44,"column":58}},{"start":{"line":45,"column":24},"end":{"line":45,"column":null}}]}},"s":{"0":1,"1":1,"2":1,"3":1,"4":1,"5":2,"6":1,"7":1},"f":{"0":1,"1":2},"b":{"0":[2,1],"1":[1,0],"2":[0,1]}}
,"C:\\Users\\crash\\Documents\\django-react\\frontend\\src\\components\\TestErrorComponent.tsx": {"path":"C:\\Users\\crash\\Documents\\django-react\\frontend\\src\\components\\TestErrorComponent.tsx","statementMap":{"0":{"start":{"line":1,"column":0},"end":{"line":1,"column":32}},"1":{"start":{"line":4,"column":27},"end":{"line":25,"column":1}},"2":{"start":{"line":5,"column":40},"end":{"line":5,"column":55}},"3":{"start":{"line":7,"column":2},"end":{"line":9,"column":3}},"4":{"start":{"line":8,"column":4},"end":{"line":8,"column":null}},"5":{"start":{"line":11,"column":2},"end":{"line":24,"column":null}},"6":{"start":{"line":18,"column":23},"end":{"line":18,"column":43}},"7":{"start":{"line":27,"column":0},"end":{"line":27,"column":null}}},"fnMap":{"0":{"name":"(anonymous_0)","decl":{"start":{"line":4,"column":27},"end":{"line":4,"column":30}},"loc":{"start":{"line":4,"column":32},"end":{"line":25,"column":1}}},"1":{"name":"(anonymous_1)","decl":{"start":{"line":18,"column":17},"end":{"line":18,"column":20}},"loc":{"start":{"line":18,"column":23},"end":{"line":18,"column":43}}}},"branchMap":{"0":{"loc":{"start":{"line":7,"column":2},"end":{"line":9,"column":3}},"type":"if","locations":[{"start":{"line":7,"column":2},"end":{"line":9,"column":3}},{"start":{},"end":{}}]}},"s":{"0":0,"1":0,"2":0,"3":0,"4":0,"5":0,"6":0,"7":0},"f":{"0":0,"1":0},"b":{"0":[0,0]}}
,"C:\\Users\\crash\\Documents\\django-react\\frontend\\src\\components\\index.ts": {"path":"C:\\Users\\crash\\Documents\\django-react\\frontend\\src\\components\\index.ts","statementMap":{"0":{"start":{"line":1,"column":0},"end":{"line":1,"column":9}},"1":{"start":{"line":1,"column":9},"end":{"line":1,"column":26}},"2":{"start":{"line":2,"column":0},"end":{"line":2,"column":20}}},"fnMap":{"0":{"name":"(anonymous_5)","decl":{"start":{"line":1,"column":9},"end":{"line":1,"column":16}},"loc":{"start":{"line":1,"column":9},"end":{"line":1,"column":26}}}},"branchMap":{},"s":{"0":0,"1":0,"2":0},"f":{"0":0},"b":{}}
,"C:\\Users\\crash\\Documents\\django-react\\frontend\\src\\components\\ui\\ErrorBoundary.tsx": {"path":"C:\\Users\\crash\\Documents\\django-react\\frontend\\src\\components\\ui\\ErrorBoundary.tsx","statementMap":{"0":{"start":{"line":1,"column":0},"end":{"line":1,"column":55}},"1":{"start":{"line":16,"column":4},"end":{"line":16,"column":null}},"2":{"start":{"line":33,"column":2},"end":{"line":35,"column":null}},"3":{"start":{"line":34,"column":4},"end":{"line":34,"column":null}},"4":{"start":{"line":17,"column":4},"end":{"line":17,"column":null}},"5":{"start":{"line":21,"column":4},"end":{"line":21,"column":null}},"6":{"start":{"line":25,"column":4},"end":{"line":25,"column":null}},"7":{"start":{"line":28,"column":4},"end":{"line":30,"column":5}},"8":{"start":{"line":29,"column":6},"end":{"line":29,"column":null}},"9":{"start":{"line":38,"column":4},"end":{"line":68,"column":5}},"10":{"start":{"line":40,"column":6},"end":{"line":42,"column":7}},"11":{"start":{"line":41,"column":8},"end":{"line":41,"column":null}},"12":{"start":{"line":44,"column":6},"end":{"line":67,"column":null}},"13":{"start":{"line":70,"column":4},"end":{"line":70,"column":null}},"14":{"start":{"line":74,"column":0},"end":{"line":74,"column":null}}},"fnMap":{"0":{"name":"(anonymous_0)","decl":{"start":{"line":15,"column":2},"end":{"line":15,"column":14}},"loc":{"start":{"line":15,"column":39},"end":{"line":18,"column":3}}},"1":{"name":"(anonymous_1)","decl":{"start":{"line":33,"column":16},"end":{"line":33,"column":19}},"loc":{"start":{"line":33,"column":21},"end":{"line":35,"column":3}}},"2":{"name":"(anonymous_2)","decl":{"start":{"line":20,"column":2},"end":{"line":20,"column":8}},"loc":{"start":{"line":20,"column":46},"end":{"line":22,"column":3}}},"3":{"name":"(anonymous_3)","decl":{"start":{"line":24,"column":2},"end":{"line":24,"column":19}},"loc":{"start":{"line":24,"column":54},"end":{"line":31,"column":3}}},"4":{"name":"(anonymous_4)","decl":{"start":{"line":37,"column":2},"end":{"line":37,"column":8}},"loc":{"start":{"line":37,"column":8},"end":{"line":71,"column":3}}}},"branchMap":{"0":{"loc":{"start":{"line":28,"column":4},"end":{"line":30,"column":5}},"type":"if","locations":[{"start":{"line":28,"column":4},"end":{"line":30,"column":5}},{"start":{},"end":{}}]},"1":{"loc":{"start":{"line":38,"column":4},"end":{"line":68,"column":5}},"type":"if","locations":[{"start":{"line":38,"column":4},"end":{"line":68,"column":5}},{"start":{},"end":{}}]},"2":{"loc":{"start":{"line":40,"column":6},"end":{"line":42,"column":7}},"type":"if","locations":[{"start":{"line":40,"column":6},"end":{"line":42,"column":7}},{"start":{},"end":{}}]}},"s":{"0":2,"1":14,"2":13,"3":1,"4":13,"5":12,"6":6,"7":6,"8":1,"9":28,"10":13,"11":2,"12":11,"13":15,"14":2},"f":{"0":14,"1":1,"2":12,"3":6,"4":28},"b":{"0":[1,5],"1":[13,15],"2":[2,11]}}
,"C:\\Users\\crash\\Documents\\django-react\\frontend\\src\\components\\ui\\ErrorFallback.tsx": {"path":"C:\\Users\\crash\\Documents\\django-react\\frontend\\src\\components\\ui\\ErrorFallback.tsx","statementMap":{"0":{"start":{"line":8,"column":22},"end":{"line":68,"column":1}},"1":{"start":{"line":14,"column":2},"end":{"line":67,"column":null}},"2":{"start":{"line":70,"column":0},"end":{"line":70,"column":null}}},"fnMap":{"0":{"name":"(anonymous_0)","decl":{"start":{"line":8,"column":22},"end":{"line":8,"column":23}},"loc":{"start":{"line":13,"column":25},"end":{"line":68,"column":1}}}},"branchMap":{"0":{"loc":{"start":{"line":11,"column":2},"end":{"line":11,"column":32}},"type":"default-arg","locations":[{"start":{"line":11,"column":10},"end":{"line":11,"column":32}}]},"1":{"loc":{"start":{"line":12,"column":2},"end":{"line":12,"column":67}},"type":"default-arg","locations":[{"start":{"line":12,"column":12},"end":{"line":12,"column":67}}]},"2":{"loc":{"start":{"line":42,"column":9},"end":{"line":51,"column":null}},"type":"binary-expr","locations":[{"start":{"line":42,"column":9},"end":{"line":42,"column":14}},{"start":{"line":42,"column":18},"end":{"line":42,"column":56}},{"start":{"line":43,"column":10},"end":{"line":50,"column":null}}]},"3":{"loc":{"start":{"line":49,"column":15},"end":{"line":49,"column":50}},"type":"binary-expr","locations":[{"start":{"line":49,"column":15},"end":{"line":49,"column":26}},{"start":{"line":49,"column":30},"end":{"line":49,"column":50}}]},"4":{"loc":{"start":{"line":54,"column":9},"end":{"line":63,"column":null}},"type":"binary-expr","locations":[{"start":{"line":54,"column":9},"end":{"line":54,"column":19}},{"start":{"line":55,"column":10},"end":{"line":62,"column":null}}]}},"s":{"0":2,"1":8,"2":2},"f":{"0":8},"b":{"0":[7],"1":[7],"2":[8,3,2],"3":[2,2],"4":[8,1]}}
,"C:\\Users\\crash\\Documents\\django-react\\frontend\\src\\components\\ui\\LoadingSpinner.tsx": {"path":"C:\\Users\\crash\\Documents\\django-react\\frontend\\src\\components\\ui\\LoadingSpinner.tsx","statementMap":{"0":{"start":{"line":7,"column":23},"end":{"line":47,"column":1}},"1":{"start":{"line":12,"column":22},"end":{"line":16,"column":null}},"2":{"start":{"line":18,"column":23},"end":{"line":22,"column":null}},"3":{"start":{"line":24,"column":2},"end":{"line":46,"column":null}},"4":{"start":{"line":49,"column":0},"end":{"line":49,"column":null}}},"fnMap":{"0":{"name":"(anonymous_0)","decl":{"start":{"line":7,"column":23},"end":{"line":7,"column":24}},"loc":{"start":{"line":11,"column":26},"end":{"line":47,"column":1}}}},"branchMap":{"0":{"loc":{"start":{"line":8,"column":2},"end":{"line":8,"column":17}},"type":"default-arg","locations":[{"start":{"line":8,"column":9},"end":{"line":8,"column":17}}]},"1":{"loc":{"start":{"line":9,"column":2},"end":{"line":9,"column":19}},"type":"default-arg","locations":[{"start":{"line":9,"column":10},"end":{"line":9,"column":19}}]},"2":{"loc":{"start":{"line":10,"column":2},"end":{"line":10,"column":16}},"type":"default-arg","locations":[{"start":{"line":10,"column":14},"end":{"line":10,"column":16}}]}},"s":{"0":2,"1":10,"2":10,"3":10,"4":2},"f":{"0":10},"b":{"0":[7],"1":[7],"2":[9]}}
,"C:\\Users\\crash\\Documents\\django-react\\frontend\\src\\components\\ui\\index.ts": {"path":"C:\\Users\\crash\\Documents\\django-react\\frontend\\src\\components\\ui\\index.ts","statementMap":{"0":{"start":{"line":1,"column":0},"end":{"line":1,"column":9}},"1":{"start":{"line":1,"column":9},"end":{"line":1,"column":34}},"2":{"start":{"line":2,"column":0},"end":{"line":2,"column":9}},"3":{"start":{"line":2,"column":9},"end":{"line":2,"column":33}},"4":{"start":{"line":3,"column":0},"end":{"line":3,"column":9}},"5":{"start":{"line":3,"column":9},"end":{"line":3,"column":33}}},"fnMap":{"0":{"name":"(anonymous_1)","decl":{"start":{"line":1,"column":9},"end":{"line":1,"column":16}},"loc":{"start":{"line":1,"column":9},"end":{"line":1,"column":34}}},"1":{"name":"(anonymous_2)","decl":{"start":{"line":2,"column":9},"end":{"line":2,"column":16}},"loc":{"start":{"line":2,"column":9},"end":{"line":2,"column":33}}},"2":{"name":"(anonymous_3)","decl":{"start":{"line":3,"column":9},"end":{"line":3,"column":16}},"loc":{"start":{"line":3,"column":9},"end":{"line":3,"column":33}}}},"branchMap":{},"s":{"0":1,"1":1,"2":1,"3":7,"4":1,"5":1},"f":{"0":0,"1":6,"2":0},"b":{}}
,"C:\\Users\\crash\\Documents\\django-react\\frontend\\src\\hooks\\index.ts": {"path":"C:\\Users\\crash\\Documents\\django-react\\frontend\\src\\hooks\\index.ts","statementMap":{"0":{"start":{"line":1,"column":0},"end":{"line":1,"column":9}},"1":{"start":{"line":1,"column":9},"end":{"line":1,"column":35}}},"fnMap":{"0":{"name":"(anonymous_1)","decl":{"start":{"line":1,"column":9},"end":{"line":1,"column":16}},"loc":{"start":{"line":1,"column":9},"end":{"line":1,"column":35}}}},"branchMap":{},"s":{"0":0,"1":0},"f":{"0":0},"b":{}}
,"C:\\Users\\crash\\Documents\\django-react\\frontend\\src\\hooks\\useErrorHandler.ts": {"path":"C:\\Users\\crash\\Documents\\django-react\\frontend\\src\\hooks\\useErrorHandler.ts","statementMap":{"0":{"start":{"line":1,"column":0},"end":{"line":1,"column":35}},"1":{"start":{"line":8,"column":31},"end":{"line":29,"column":1}},"2":{"start":{"line":9,"column":53},"end":{"line":9,"column":60}},"3":{"start":{"line":11,"column":22},"end":{"line":26,"column":31}},"4":{"start":{"line":12,"column":4},"end":{"line":14,"column":5}},"5":{"start":{"line":13,"column":6},"end":{"line":13,"column":null}},"6":{"start":{"line":16,"column":4},"end":{"line":20,"column":5}},"7":{"start":{"line":19,"column":6},"end":{"line":19,"column":null}},"8":{"start":{"line":23,"column":4},"end":{"line":25,"column":5}},"9":{"start":{"line":28,"column":2},"end":{"line":28,"column":null}},"10":{"start":{"line":8,"column":13},"end":{"line":8,"column":31}},"11":{"start":{"line":31,"column":0},"end":{"line":31,"column":null}}},"fnMap":{"0":{"name":"(anonymous_0)","decl":{"start":{"line":8,"column":31},"end":{"line":8,"column":32}},"loc":{"start":{"line":8,"column":69},"end":{"line":29,"column":1}}},"1":{"name":"(anonymous_1)","decl":{"start":{"line":11,"column":34},"end":{"line":11,"column":35}},"loc":{"start":{"line":11,"column":69},"end":{"line":26,"column":3}}}},"branchMap":{"0":{"loc":{"start":{"line":8,"column":32},"end":{"line":8,"column":65}},"type":"default-arg","locations":[{"start":{"line":8,"column":63},"end":{"line":8,"column":65}}]},"1":{"loc":{"start":{"line":9,"column":10},"end":{"line":9,"column":29}},"type":"default-arg","locations":[{"start":{"line":9,"column":25},"end":{"line":9,"column":29}}]},"2":{"loc":{"start":{"line":9,"column":31},"end":{"line":9,"column":48}},"type":"default-arg","locations":[{"start":{"line":9,"column":43},"end":{"line":9,"column":48}}]},"3":{"loc":{"start":{"line":12,"column":4},"end":{"line":14,"column":5}},"type":"if","locations":[{"start":{"line":12,"column":4},"end":{"line":14,"column":5}},{"start":{},"end":{}}]},"4":{"loc":{"start":{"line":13,"column":28},"end":{"line":13,"column":59}},"type":"cond-expr","locations":[{"start":{"line":13,"column":38},"end":{"line":13,"column":54}},{"start":{"line":13,"column":57},"end":{"line":13,"column":59}}]},"5":{"loc":{"start":{"line":16,"column":4},"end":{"line":20,"column":5}},"type":"if","locations":[{"start":{"line":16,"column":4},"end":{"line":20,"column":5}},{"start":{},"end":{}}]},"6":{"loc":{"start":{"line":23,"column":4},"end":{"line":25,"column":5}},"type":"if","locations":[{"start":{"line":23,"column":4},"end":{"line":25,"column":5}},{"start":{},"end":{}}]}},"s":{"0":0,"1":0,"2":0,"3":0,"4":0,"5":0,"6":0,"7":0,"8":0,"9":0,"10":0,"11":0},"f":{"0":0,"1":0},"b":{"0":[0],"1":[0],"2":[0],"3":[0,0],"4":[0,0],"5":[0,0],"6":[0,0]}}
,"C:\\Users\\crash\\Documents\\django-react\\frontend\\src\\pages\\CustomerDetail.tsx": {"path":"C:\\Users\\crash\\Documents\\django-react\\frontend\\src\\pages\\CustomerDetail.tsx","statementMap":{"0":{"start":{"line":1,"column":0},"end":{"line":1,"column":43}},"1":{"start":{"line":2,"column":0},"end":{"line":2,"column":49}},"2":{"start":{"line":4,"column":23},"end":{"line":31,"column":1}},"3":{"start":{"line":5,"column":36},"end":{"line":5,"column":50}},"4":{"start":{"line":7,"column":2},"end":{"line":11,"column":null}},"5":{"start":{"line":9,"column":18},"end":{"line":9,"column":61}},"6":{"start":{"line":9,"column":35},"end":{"line":9,"column":54}},"7":{"start":{"line":10,"column":4},"end":{"line":10,"column":null}},"8":{"start":{"line":10,"column":17},"end":{"line":10,"column":36}},"9":{"start":{"line":13,"column":2},"end":{"line":19,"column":3}},"10":{"start":{"line":14,"column":4},"end":{"line":18,"column":null}},"11":{"start":{"line":21,"column":2},"end":{"line":30,"column":null}},"12":{"start":{"line":33,"column":0},"end":{"line":33,"column":null}}},"fnMap":{"0":{"name":"(anonymous_0)","decl":{"start":{"line":4,"column":23},"end":{"line":4,"column":26}},"loc":{"start":{"line":4,"column":28},"end":{"line":31,"column":1}}},"1":{"name":"(anonymous_1)","decl":{"start":{"line":7,"column":12},"end":{"line":7,"column":15}},"loc":{"start":{"line":7,"column":17},"end":{"line":11,"column":3}}},"2":{"name":"(anonymous_2)","decl":{"start":{"line":9,"column":29},"end":{"line":9,"column":32}},"loc":{"start":{"line":9,"column":35},"end":{"line":9,"column":54}}},"3":{"name":"(anonymous_3)","decl":{"start":{"line":10,"column":11},"end":{"line":10,"column":14}},"loc":{"start":{"line":10,"column":17},"end":{"line":10,"column":36}}}},"branchMap":{"0":{"loc":{"start":{"line":13,"column":2},"end":{"line":19,"column":3}},"type":"if","locations":[{"start":{"line":13,"column":2},"end":{"line":19,"column":3}},{"start":{},"end":{}}]}},"s":{"0":1,"1":1,"2":1,"3":0,"4":0,"5":0,"6":0,"7":0,"8":0,"9":0,"10":0,"11":0,"12":1},"f":{"0":0,"1":0,"2":0,"3":0},"b":{"0":[0,0]}}
,"C:\\Users\\crash\\Documents\\django-react\\frontend\\src\\pages\\CustomerForm.tsx": {"path":"C:\\Users\\crash\\Documents\\django-react\\frontend\\src\\pages\\CustomerForm.tsx","statementMap":{"0":{"start":{"line":1,"column":0},"end":{"line":1,"column":51}},"1":{"start":{"line":2,"column":0},"end":{"line":2,"column":57}},"2":{"start":{"line":4,"column":0},"end":{"line":4,"column":45}},"3":{"start":{"line":5,"column":0},"end":{"line":5,"column":35}},"4":{"start":{"line":15,"column":21},"end":{"line":381,"column":1}},"5":{"start":{"line":16,"column":19},"end":{"line":16,"column":32}},"6":{"start":{"line":17,"column":17},"end":{"line":17,"column":44}},"7":{"start":{"line":18,"column":20},"end":{"line":18,"column":31}},"8":{"start":{"line":20,"column":34},"end":{"line":25,"column":4}},"9":{"start":{"line":27,"column":30},"end":{"line":27,"column":54}},"10":{"start":{"line":28,"column":42},"end":{"line":28,"column":57}},"11":{"start":{"line":29,"column":36},"end":{"line":29,"column":51}},"12":{"start":{"line":32,"column":23},"end":{"line":32,"column":53}},"13":{"start":{"line":33,"column":22},"end":{"line":33,"column":52}},"14":{"start":{"line":34,"column":19},"end":{"line":34,"column":49}},"15":{"start":{"line":35,"column":19},"end":{"line":35,"column":49}},"16":{"start":{"line":38,"column":2},"end":{"line":51,"column":null}},"17":{"start":{"line":39,"column":4},"end":{"line":41,"column":5}},"18":{"start":{"line":40,"column":6},"end":{"line":40,"column":null}},"19":{"start":{"line":42,"column":4},"end":{"line":44,"column":5}},"20":{"start":{"line":43,"column":6},"end":{"line":43,"column":null}},"21":{"start":{"line":45,"column":4},"end":{"line":47,"column":5}},"22":{"start":{"line":46,"column":6},"end":{"line":46,"column":null}},"23":{"start":{"line":48,"column":4},"end":{"line":50,"column":5}},"24":{"start":{"line":49,"column":6},"end":{"line":49,"column":null}},"25":{"start":{"line":54,"column":2},"end":{"line":76,"column":null}},"26":{"start":{"line":55,"column":4},"end":{"line":75,"column":5}},"27":{"start":{"line":56,"column":6},"end":{"line":56,"column":null}},"28":{"start":{"line":58,"column":6},"end":{"line":74,"column":null}},"29":{"start":{"line":60,"column":10},"end":{"line":65,"column":null}},"30":{"start":{"line":68,"column":10},"end":{"line":68,"column":null}},"31":{"start":{"line":69,"column":10},"end":{"line":69,"column":null}},"32":{"start":{"line":70,"column":10},"end":{"line":70,"column":null}},"33":{"start":{"line":73,"column":10},"end":{"line":73,"column":null}},"34":{"start":{"line":79,"column":24},"end":{"line":82,"column":3}},"35":{"start":{"line":80,"column":23},"end":{"line":80,"column":51}},"36":{"start":{"line":81,"column":4},"end":{"line":81,"column":null}},"37":{"start":{"line":84,"column":24},"end":{"line":87,"column":3}},"38":{"start":{"line":85,"column":23},"end":{"line":85,"column":41}},"39":{"start":{"line":86,"column":4},"end":{"line":86,"column":null}},"40":{"start":{"line":89,"column":23},"end":{"line":122,"column":3}},"41":{"start":{"line":90,"column":34},"end":{"line":90,"column":36}},"42":{"start":{"line":93,"column":4},"end":{"line":97,"column":5}},"43":{"start":{"line":94,"column":6},"end":{"line":94,"column":null}},"44":{"start":{"line":95,"column":11},"end":{"line":97,"column":5}},"45":{"start":{"line":96,"column":6},"end":{"line":96,"column":null}},"46":{"start":{"line":100,"column":4},"end":{"line":104,"column":5}},"47":{"start":{"line":101,"column":6},"end":{"line":101,"column":null}},"48":{"start":{"line":102,"column":11},"end":{"line":104,"column":5}},"49":{"start":{"line":103,"column":6},"end":{"line":103,"column":null}},"50":{"start":{"line":107,"column":4},"end":{"line":111,"column":5}},"51":{"start":{"line":108,"column":6},"end":{"line":108,"column":null}},"52":{"start":{"line":109,"column":11},"end":{"line":111,"column":5}},"53":{"start":{"line":110,"column":6},"end":{"line":110,"column":null}},"54":{"start":{"line":114,"column":4},"end":{"line":118,"column":5}},"55":{"start":{"line":115,"column":6},"end":{"line":115,"column":null}},"56":{"start":{"line":116,"column":11},"end":{"line":118,"column":5}},"57":{"start":{"line":117,"column":6},"end":{"line":117,"column":null}},"58":{"start":{"line":120,"column":4},"end":{"line":120,"column":null}},"59":{"start":{"line":121,"column":4},"end":{"line":121,"column":null}},"60":{"start":{"line":124,"column":28},"end":{"line":137,"column":3}},"61":{"start":{"line":125,"column":4},"end":{"line":128,"column":null}},"62":{"start":{"line":125,"column":25},"end":{"line":128,"column":6}},"63":{"start":{"line":131,"column":4},"end":{"line":136,"column":5}},"64":{"start":{"line":132,"column":6},"end":{"line":135,"column":null}},"65":{"start":{"line":132,"column":25},"end":{"line":135,"column":8}},"66":{"start":{"line":139,"column":23},"end":{"line":171,"column":3}},"67":{"start":{"line":140,"column":4},"end":{"line":140,"column":null}},"68":{"start":{"line":142,"column":4},"end":{"line":144,"column":5}},"69":{"start":{"line":143,"column":6},"end":{"line":143,"column":12}},"70":{"start":{"line":146,"column":4},"end":{"line":146,"column":null}},"71":{"start":{"line":147,"column":4},"end":{"line":147,"column":null}},"72":{"start":{"line":147,"column":23},"end":{"line":147,"column":54}},"73":{"start":{"line":149,"column":4},"end":{"line":170,"column":5}},"74":{"start":{"line":150,"column":6},"end":{"line":158,"column":7}},"75":{"start":{"line":152,"column":8},"end":{"line":152,"column":null}},"76":{"start":{"line":153,"column":8},"end":{"line":153,"column":null}},"77":{"start":{"line":156,"column":8},"end":{"line":156,"column":null}},"78":{"start":{"line":157,"column":8},"end":{"line":157,"column":null}},"79":{"start":{"line":161,"column":6},"end":{"line":161,"column":null}},"80":{"start":{"line":163,"column":6},"end":{"line":163,"column":null}},"81":{"start":{"line":164,"column":28},"end":{"line":165,"column":79}},"82":{"start":{"line":166,"column":6},"end":{"line":166,"column":null}},"83":{"start":{"line":167,"column":6},"end":{"line":167,"column":null}},"84":{"start":{"line":169,"column":6},"end":{"line":169,"column":null}},"85":{"start":{"line":173,"column":23},"end":{"line":175,"column":3}},"86":{"start":{"line":174,"column":4},"end":{"line":174,"column":null}},"87":{"start":{"line":177,"column":2},"end":{"line":193,"column":3}},"88":{"start":{"line":178,"column":4},"end":{"line":192,"column":null}},"89":{"start":{"line":195,"column":2},"end":{"line":380,"column":null}},"90":{"start":{"line":233,"column":33},"end":{"line":233,"column":80}},"91":{"start":{"line":267,"column":33},"end":{"line":267,"column":79}},"92":{"start":{"line":301,"column":33},"end":{"line":301,"column":75}},"93":{"start":{"line":335,"column":33},"end":{"line":335,"column":75}},"94":{"start":{"line":383,"column":0},"end":{"line":383,"column":null}}},"fnMap":{"0":{"name":"(anonymous_1)","decl":{"start":{"line":15,"column":21},"end":{"line":15,"column":24}},"loc":{"start":{"line":15,"column":26},"end":{"line":381,"column":1}}},"1":{"name":"(anonymous_2)","decl":{"start":{"line":38,"column":12},"end":{"line":38,"column":15}},"loc":{"start":{"line":38,"column":17},"end":{"line":51,"column":3}}},"2":{"name":"(anonymous_3)","decl":{"start":{"line":54,"column":12},"end":{"line":54,"column":15}},"loc":{"start":{"line":54,"column":17},"end":{"line":76,"column":3}}},"3":{"name":"(anonymous_4)","decl":{"start":{"line":59,"column":14},"end":{"line":59,"column":22}},"loc":{"start":{"line":59,"column":25},"end":{"line":66,"column":9}}},"4":{"name":"(anonymous_5)","decl":{"start":{"line":67,"column":15},"end":{"line":67,"column":20}},"loc":{"start":{"line":67,"column":23},"end":{"line":71,"column":9}}},"5":{"name":"(anonymous_6)","decl":{"start":{"line":72,"column":17},"end":{"line":72,"column":20}},"loc":{"start":{"line":72,"column":22},"end":{"line":74,"column":9}}},"6":{"name":"(anonymous_7)","decl":{"start":{"line":79,"column":24},"end":{"line":79,"column":25}},"loc":{"start":{"line":79,"column":51},"end":{"line":82,"column":3}}},"7":{"name":"(anonymous_8)","decl":{"start":{"line":84,"column":24},"end":{"line":84,"column":25}},"loc":{"start":{"line":84,"column":51},"end":{"line":87,"column":3}}},"8":{"name":"(anonymous_9)","decl":{"start":{"line":89,"column":23},"end":{"line":89,"column":35}},"loc":{"start":{"line":89,"column":37},"end":{"line":122,"column":3}}},"9":{"name":"(anonymous_10)","decl":{"start":{"line":124,"column":28},"end":{"line":124,"column":29}},"loc":{"start":{"line":124,"column":77},"end":{"line":137,"column":3}}},"10":{"name":"(anonymous_11)","decl":{"start":{"line":125,"column":16},"end":{"line":125,"column":20}},"loc":{"start":{"line":125,"column":25},"end":{"line":128,"column":6}}},"11":{"name":"(anonymous_12)","decl":{"start":{"line":132,"column":16},"end":{"line":132,"column":20}},"loc":{"start":{"line":132,"column":25},"end":{"line":135,"column":8}}},"12":{"name":"(anonymous_13)","decl":{"start":{"line":139,"column":23},"end":{"line":139,"column":28}},"loc":{"start":{"line":139,"column":52},"end":{"line":171,"column":3}}},"13":{"name":"(anonymous_14)","decl":{"start":{"line":147,"column":14},"end":{"line":147,"column":18}},"loc":{"start":{"line":147,"column":23},"end":{"line":147,"column":54}}},"14":{"name":"(anonymous_15)","decl":{"start":{"line":173,"column":23},"end":{"line":173,"column":26}},"loc":{"start":{"line":173,"column":28},"end":{"line":175,"column":3}}},"15":{"name":"(anonymous_16)","decl":{"start":{"line":233,"column":26},"end":{"line":233,"column":27}},"loc":{"start":{"line":233,"column":33},"end":{"line":233,"column":80}}},"16":{"name":"(anonymous_17)","decl":{"start":{"line":267,"column":26},"end":{"line":267,"column":27}},"loc":{"start":{"line":267,"column":33},"end":{"line":267,"column":79}}},"17":{"name":"(anonymous_18)","decl":{"start":{"line":301,"column":26},"end":{"line":301,"column":27}},"loc":{"start":{"line":301,"column":33},"end":{"line":301,"column":75}}},"18":{"name":"(anonymous_19)","decl":{"start":{"line":335,"column":26},"end":{"line":335,"column":27}},"loc":{"start":{"line":335,"column":33},"end":{"line":335,"column":75}}}},"branchMap":{"0":{"loc":{"start":{"line":39,"column":4},"end":{"line":41,"column":5}},"type":"if","locations":[{"start":{"line":39,"column":4},"end":{"line":41,"column":5}},{"start":{},"end":{}}]},"1":{"loc":{"start":{"line":40,"column":56},"end":{"line":40,"column":92}},"type":"cond-expr","locations":[{"start":{"line":40,"column":76},"end":{"line":40,"column":82}},{"start":{"line":40,"column":85},"end":{"line":40,"column":92}}]},"2":{"loc":{"start":{"line":42,"column":4},"end":{"line":44,"column":5}},"type":"if","locations":[{"start":{"line":42,"column":4},"end":{"line":44,"column":5}},{"start":{},"end":{}}]},"3":{"loc":{"start":{"line":43,"column":55},"end":{"line":43,"column":90}},"type":"cond-expr","locations":[{"start":{"line":43,"column":74},"end":{"line":43,"column":80}},{"start":{"line":43,"column":83},"end":{"line":43,"column":90}}]},"4":{"loc":{"start":{"line":45,"column":4},"end":{"line":47,"column":5}},"type":"if","locations":[{"start":{"line":45,"column":4},"end":{"line":47,"column":5}},{"start":{},"end":{}}]},"5":{"loc":{"start":{"line":46,"column":52},"end":{"line":46,"column":83}},"type":"cond-expr","locations":[{"start":{"line":46,"column":67},"end":{"line":46,"column":73}},{"start":{"line":46,"column":76},"end":{"line":46,"column":83}}]},"6":{"loc":{"start":{"line":48,"column":4},"end":{"line":50,"column":5}},"type":"if","locations":[{"start":{"line":48,"column":4},"end":{"line":50,"column":5}},{"start":{},"end":{}}]},"7":{"loc":{"start":{"line":49,"column":52},"end":{"line":49,"column":83}},"type":"cond-expr","locations":[{"start":{"line":49,"column":67},"end":{"line":49,"column":73}},{"start":{"line":49,"column":76},"end":{"line":49,"column":83}}]},"8":{"loc":{"start":{"line":55,"column":4},"end":{"line":75,"column":5}},"type":"if","locations":[{"start":{"line":55,"column":4},"end":{"line":75,"column":5}},{"start":{},"end":{}}]},"9":{"loc":{"start":{"line":55,"column":8},"end":{"line":55,"column":23}},"type":"binary-expr","locations":[{"start":{"line":55,"column":8},"end":{"line":55,"column":17}},{"start":{"line":55,"column":21},"end":{"line":55,"column":23}}]},"10":{"loc":{"start":{"line":64,"column":19},"end":{"line":64,"column":39}},"type":"binary-expr","locations":[{"start":{"line":64,"column":19},"end":{"line":64,"column":33}},{"start":{"line":64,"column":37},"end":{"line":64,"column":39}}]},"11":{"loc":{"start":{"line":86,"column":11},"end":{"line":86,"column":74}},"type":"binary-expr","locations":[{"start":{"line":86,"column":11},"end":{"line":86,"column":33}},{"start":{"line":86,"column":37},"end":{"line":86,"column":74}}]},"12":{"loc":{"start":{"line":93,"column":4},"end":{"line":97,"column":5}},"type":"if","locations":[{"start":{"line":93,"column":4},"end":{"line":97,"column":5}},{"start":{"line":95,"column":11},"end":{"line":97,"column":5}}]},"13":{"loc":{"start":{"line":95,"column":11},"end":{"line":97,"column":5}},"type":"if","locations":[{"start":{"line":95,"column":11},"end":{"line":97,"column":5}},{"start":{},"end":{}}]},"14":{"loc":{"start":{"line":100,"column":4},"end":{"line":104,"column":5}},"type":"if","locations":[{"start":{"line":100,"column":4},"end":{"line":104,"column":5}},{"start":{"line":102,"column":11},"end":{"line":104,"column":5}}]},"15":{"loc":{"start":{"line":102,"column":11},"end":{"line":104,"column":5}},"type":"if","locations":[{"start":{"line":102,"column":11},"end":{"line":104,"column":5}},{"start":{},"end":{}}]},"16":{"loc":{"start":{"line":107,"column":4},"end":{"line":111,"column":5}},"type":"if","locations":[{"start":{"line":107,"column":4},"end":{"line":111,"column":5}},{"start":{"line":109,"column":11},"end":{"line":111,"column":5}}]},"17":{"loc":{"start":{"line":109,"column":11},"end":{"line":111,"column":5}},"type":"if","locations":[{"start":{"line":109,"column":11},"end":{"line":111,"column":5}},{"start":{},"end":{}}]},"18":{"loc":{"start":{"line":114,"column":4},"end":{"line":118,"column":5}},"type":"if","locations":[{"start":{"line":114,"column":4},"end":{"line":118,"column":5}},{"start":{"line":116,"column":11},"end":{"line":118,"column":5}}]},"19":{"loc":{"start":{"line":116,"column":11},"end":{"line":118,"column":5}},"type":"if","locations":[{"start":{"line":116,"column":11},"end":{"line":118,"column":5}},{"start":{},"end":{}}]},"20":{"loc":{"start":{"line":131,"column":4},"end":{"line":136,"column":5}},"type":"if","locations":[{"start":{"line":131,"column":4},"end":{"line":136,"column":5}},{"start":{},"end":{}}]},"21":{"loc":{"start":{"line":142,"column":4},"end":{"line":144,"column":5}},"type":"if","locations":[{"start":{"line":142,"column":4},"end":{"line":144,"column":5}},{"start":{},"end":{}}]},"22":{"loc":{"start":{"line":150,"column":6},"end":{"line":158,"column":7}},"type":"if","locations":[{"start":{"line":150,"column":6},"end":{"line":158,"column":7}},{"start":{"line":154,"column":13},"end":{"line":158,"column":7}}]},"23":{"loc":{"start":{"line":150,"column":10},"end":{"line":150,"column":25}},"type":"binary-expr","locations":[{"start":{"line":150,"column":10},"end":{"line":150,"column":19}},{"start":{"line":150,"column":23},"end":{"line":150,"column":25}}]},"24":{"loc":{"start":{"line":164,"column":28},"end":{"line":165,"column":79}},"type":"binary-expr","locations":[{"start":{"line":164,"column":28},"end":{"line":164,"column":107}},{"start":{"line":165,"column":9},"end":{"line":165,"column":78}}]},"25":{"loc":{"start":{"line":165,"column":9},"end":{"line":165,"column":78}},"type":"cond-expr","locations":[{"start":{"line":165,"column":21},"end":{"line":165,"column":48}},{"start":{"line":165,"column":51},"end":{"line":165,"column":78}}]},"26":{"loc":{"start":{"line":177,"column":2},"end":{"line":193,"column":3}},"type":"if","locations":[{"start":{"line":177,"column":2},"end":{"line":193,"column":3}},{"start":{},"end":{}}]},"27":{"loc":{"start":{"line":200,"column":13},"end":{"line":200,"column":61}},"type":"cond-expr","locations":[{"start":{"line":200,"column":25},"end":{"line":200,"column":40}},{"start":{"line":200,"column":43},"end":{"line":200,"column":61}}]},"28":{"loc":{"start":{"line":203,"column":13},"end":{"line":203,"column":104}},"type":"cond-expr","locations":[{"start":{"line":203,"column":25},"end":{"line":203,"column":54}},{"start":{"line":203,"column":57},"end":{"line":203,"column":104}}]},"29":{"loc":{"start":{"line":208,"column":11},"end":{"line":215,"column":null}},"type":"binary-expr","locations":[{"start":{"line":208,"column":11},"end":{"line":208,"column":25}},{"start":{"line":209,"column":12},"end":{"line":214,"column":null}}]},"30":{"loc":{"start":{"line":235,"column":18},"end":{"line":237,"column":null}},"type":"cond-expr","locations":[{"start":{"line":236,"column":22},"end":{"line":236,"column":78}},{"start":{"line":237,"column":22},"end":{"line":237,"column":null}}]},"31":{"loc":{"start":{"line":240,"column":34},"end":{"line":240,"column":84}},"type":"cond-expr","locations":[{"start":{"line":240,"column":54},"end":{"line":240,"column":72}},{"start":{"line":240,"column":75},"end":{"line":240,"column":84}}]},"32":{"loc":{"start":{"line":242,"column":15},"end":{"line":249,"column":null}},"type":"binary-expr","locations":[{"start":{"line":242,"column":15},"end":{"line":242,"column":32}},{"start":{"line":243,"column":16},"end":{"line":248,"column":null}}]},"33":{"loc":{"start":{"line":269,"column":18},"end":{"line":271,"column":null}},"type":"cond-expr","locations":[{"start":{"line":270,"column":22},"end":{"line":270,"column":78}},{"start":{"line":271,"column":22},"end":{"line":271,"column":null}}]},"34":{"loc":{"start":{"line":274,"column":34},"end":{"line":274,"column":82}},"type":"cond-expr","locations":[{"start":{"line":274,"column":53},"end":{"line":274,"column":70}},{"start":{"line":274,"column":73},"end":{"line":274,"column":82}}]},"35":{"loc":{"start":{"line":276,"column":15},"end":{"line":283,"column":null}},"type":"binary-expr","locations":[{"start":{"line":276,"column":15},"end":{"line":276,"column":31}},{"start":{"line":277,"column":16},"end":{"line":282,"column":null}}]},"36":{"loc":{"start":{"line":303,"column":18},"end":{"line":305,"column":null}},"type":"cond-expr","locations":[{"start":{"line":304,"column":22},"end":{"line":304,"column":78}},{"start":{"line":305,"column":22},"end":{"line":305,"column":null}}]},"37":{"loc":{"start":{"line":308,"column":34},"end":{"line":308,"column":74}},"type":"cond-expr","locations":[{"start":{"line":308,"column":49},"end":{"line":308,"column":62}},{"start":{"line":308,"column":65},"end":{"line":308,"column":74}}]},"38":{"loc":{"start":{"line":310,"column":15},"end":{"line":317,"column":null}},"type":"binary-expr","locations":[{"start":{"line":310,"column":15},"end":{"line":310,"column":27}},{"start":{"line":311,"column":16},"end":{"line":316,"column":null}}]},"39":{"loc":{"start":{"line":337,"column":18},"end":{"line":339,"column":null}},"type":"cond-expr","locations":[{"start":{"line":338,"column":22},"end":{"line":338,"column":78}},{"start":{"line":339,"column":22},"end":{"line":339,"column":null}}]},"40":{"loc":{"start":{"line":342,"column":34},"end":{"line":342,"column":74}},"type":"cond-expr","locations":[{"start":{"line":342,"column":49},"end":{"line":342,"column":62}},{"start":{"line":342,"column":65},"end":{"line":342,"column":74}}]},"41":{"loc":{"start":{"line":344,"column":15},"end":{"line":351,"column":null}},"type":"binary-expr","locations":[{"start":{"line":344,"column":15},"end":{"line":344,"column":27}},{"start":{"line":345,"column":16},"end":{"line":350,"column":null}}]},"42":{"loc":{"start":{"line":371,"column":15},"end":{"line":373,"column":69}},"type":"cond-expr","locations":[{"start":{"line":372,"column":19},"end":{"line":372,"column":60}},{"start":{"line":373,"column":19},"end":{"line":373,"column":68}}]},"43":{"loc":{"start":{"line":372,"column":19},"end":{"line":372,"column":60}},"type":"cond-expr","locations":[{"start":{"line":372,"column":31},"end":{"line":372,"column":44}},{"start":{"line":372,"column":47},"end":{"line":372,"column":60}}]},"44":{"loc":{"start":{"line":373,"column":19},"end":{"line":373,"column":68}},"type":"cond-expr","locations":[{"start":{"line":373,"column":31},"end":{"line":373,"column":48}},{"start":{"line":373,"column":51},"end":{"line":373,"column":68}}]}},"s":{"0":1,"1":1,"2":1,"3":1,"4":1,"5":0,"6":0,"7":0,"8":0,"9":0,"10":0,"11":0,"12":0,"13":0,"14":0,"15":0,"16":0,"17":0,"18":0,"19":0,"20":0,"21":0,"22":0,"23":0,"24":0,"25":0,"26":0,"27":0,"28":0,"29":0,"30":0,"31":0,"32":0,"33":0,"34":0,"35":0,"36":0,"37":0,"38":0,"39":0,"40":0,"41":0,"42":0,"43":0,"44":0,"45":0,"46":0,"47":0,"48":0,"49":0,"50":0,"51":0,"52":0,"53":0,"54":0,"55":0,"56":0,"57":0,"58":0,"59":0,"60":0,"61":0,"62":0,"63":0,"64":0,"65":0,"66":0,"67":0,"68":0,"69":0,"70":0,"71":0,"72":0,"73":0,"74":0,"75":0,"76":0,"77":0,"78":0,"79":0,"80":0,"81":0,"82":0,"83":0,"84":0,"85":0,"86":0,"87":0,"88":0,"89":0,"90":0,"91":0,"92":0,"93":0,"94":1},"f":{"0":0,"1":0,"2":0,"3":0,"4":0,"5":0,"6":0,"7":0,"8":0,"9":0,"10":0,"11":0,"12":0,"13":0,"14":0,"15":0,"16":0,"17":0,"18":0},"b":{"0":[0,0],"1":[0,0],"2":[0,0],"3":[0,0],"4":[0,0],"5":[0,0],"6":[0,0],"7":[0,0],"8":[0,0],"9":[0,0],"10":[0,0],"11":[0,0],"12":[0,0],"13":[0,0],"14":[0,0],"15":[0,0],"16":[0,0],"17":[0,0],"18":[0,0],"19":[0,0],"20":[0,0],"21":[0,0],"22":[0,0],"23":[0,0],"24":[0,0],"25":[0,0],"26":[0,0],"27":[0,0],"28":[0,0],"29":[0,0],"30":[0,0],"31":[0,0],"32":[0,0],"33":[0,0],"34":[0,0],"35":[0,0],"36":[0,0],"37":[0,0],"38":[0,0],"39":[0,0],"40":[0,0],"41":[0,0],"42":[0,0],"43":[0,0],"44":[0,0]}}
,"C:\\Users\\crash\\Documents\\django-react\\frontend\\src\\pages\\CustomerList.tsx": {"path":"C:\\Users\\crash\\Documents\\django-react\\frontend\\src\\pages\\CustomerList.tsx","statementMap":{"0":{"start":{"line":1,"column":0},"end":{"line":1,"column":43}},"1":{"start":{"line":2,"column":0},"end":{"line":2,"column":49}},"2":{"start":{"line":4,"column":21},"end":{"line":47,"column":1}},"3":{"start":{"line":5,"column":36},"end":{"line":5,"column":50}},"4":{"start":{"line":7,"column":2},"end":{"line":11,"column":null}},"5":{"start":{"line":9,"column":18},"end":{"line":9,"column":61}},"6":{"start":{"line":9,"column":35},"end":{"line":9,"column":54}},"7":{"start":{"line":10,"column":4},"end":{"line":10,"column":null}},"8":{"start":{"line":10,"column":17},"end":{"line":10,"column":36}},"9":{"start":{"line":13,"column":2},"end":{"line":19,"column":3}},"10":{"start":{"line":14,"column":4},"end":{"line":18,"column":null}},"11":{"start":{"line":21,"column":2},"end":{"line":46,"column":null}},"12":{"start":{"line":49,"column":0},"end":{"line":49,"column":null}}},"fnMap":{"0":{"name":"(anonymous_0)","decl":{"start":{"line":4,"column":21},"end":{"line":4,"column":24}},"loc":{"start":{"line":4,"column":26},"end":{"line":47,"column":1}}},"1":{"name":"(anonymous_1)","decl":{"start":{"line":7,"column":12},"end":{"line":7,"column":15}},"loc":{"start":{"line":7,"column":17},"end":{"line":11,"column":3}}},"2":{"name":"(anonymous_2)","decl":{"start":{"line":9,"column":29},"end":{"line":9,"column":32}},"loc":{"start":{"line":9,"column":35},"end":{"line":9,"column":54}}},"3":{"name":"(anonymous_3)","decl":{"start":{"line":10,"column":11},"end":{"line":10,"column":14}},"loc":{"start":{"line":10,"column":17},"end":{"line":10,"column":36}}}},"branchMap":{"0":{"loc":{"start":{"line":13,"column":2},"end":{"line":19,"column":3}},"type":"if","locations":[{"start":{"line":13,"column":2},"end":{"line":19,"column":3}},{"start":{},"end":{}}]}},"s":{"0":1,"1":1,"2":1,"3":0,"4":0,"5":0,"6":0,"7":0,"8":0,"9":0,"10":0,"11":0,"12":1},"f":{"0":0,"1":0,"2":0,"3":0},"b":{"0":[0,0]}}
,"C:\\Users\\crash\\Documents\\django-react\\frontend\\src\\pages\\Dashboard.tsx": {"path":"C:\\Users\\crash\\Documents\\django-react\\frontend\\src\\pages\\Dashboard.tsx","statementMap":{"0":{"start":{"line":1,"column":18},"end":{"line":109,"column":1}},"1":{"start":{"line":2,"column":2},"end":{"line":108,"column":null}},"2":{"start":{"line":111,"column":0},"end":{"line":111,"column":null}}},"fnMap":{"0":{"name":"(anonymous_0)","decl":{"start":{"line":1,"column":18},"end":{"line":1,"column":21}},"loc":{"start":{"line":1,"column":23},"end":{"line":109,"column":1}}}},"branchMap":{},"s":{"0":0,"1":0,"2":0},"f":{"0":0},"b":{}}
,"C:\\Users\\crash\\Documents\\django-react\\frontend\\src\\pages\\NotFound.tsx": {"path":"C:\\Users\\crash\\Documents\\django-react\\frontend\\src\\pages\\NotFound.tsx","statementMap":{"0":{"start":{"line":1,"column":0},"end":{"line":1,"column":39}},"1":{"start":{"line":3,"column":17},"end":{"line":21,"column":1}},"2":{"start":{"line":4,"column":2},"end":{"line":20,"column":null}},"3":{"start":{"line":23,"column":0},"end":{"line":23,"column":null}}},"fnMap":{"0":{"name":"(anonymous_0)","decl":{"start":{"line":3,"column":17},"end":{"line":3,"column":20}},"loc":{"start":{"line":3,"column":22},"end":{"line":21,"column":1}}}},"branchMap":{},"s":{"0":1,"1":1,"2":0,"3":1},"f":{"0":0},"b":{}}
,"C:\\Users\\crash\\Documents\\django-react\\frontend\\src\\services\\api.ts": {"path":"C:\\Users\\crash\\Documents\\django-react\\frontend\\src\\services\\api.ts","statementMap":{"0":{"start":{"line":1,"column":0},"end":{"line":1,"column":84}},"1":{"start":{"line":4,"column":21},"end":{"line":4,"column":59}},"2":{"start":{"line":6,"column":12},"end":{"line":12,"column":2}},"3":{"start":{"line":15,"column":0},"end":{"line":26,"column":null}},"4":{"start":{"line":18,"column":4},"end":{"line":20,"column":5}},"5":{"start":{"line":19,"column":6},"end":{"line":19,"column":null}},"6":{"start":{"line":21,"column":4},"end":{"line":21,"column":null}},"7":{"start":{"line":24,"column":4},"end":{"line":24,"column":null}},"8":{"start":{"line":29,"column":0},"end":{"line":37,"column":null}},"9":{"start":{"line":31,"column":4},"end":{"line":31,"column":null}},"10":{"start":{"line":34,"column":4},"end":{"line":34,"column":null}},"11":{"start":{"line":35,"column":4},"end":{"line":35,"column":null}},"12":{"start":{"line":39,"column":13},"end":{"line":91,"column":null}},"13":{"start":{"line":47,"column":21},"end":{"line":47,"column":61}},"14":{"start":{"line":48,"column":4},"end":{"line":48,"column":null}},"15":{"start":{"line":53,"column":21},"end":{"line":53,"column":55}},"16":{"start":{"line":54,"column":4},"end":{"line":54,"column":null}},"17":{"start":{"line":59,"column":21},"end":{"line":59,"column":56}},"18":{"start":{"line":60,"column":4},"end":{"line":60,"column":null}},"19":{"start":{"line":65,"column":21},"end":{"line":65,"column":61}},"20":{"start":{"line":66,"column":4},"end":{"line":66,"column":null}},"21":{"start":{"line":71,"column":4},"end":{"line":71,"column":null}},"22":{"start":{"line":76,"column":21},"end":{"line":76,"column":55}},"23":{"start":{"line":77,"column":4},"end":{"line":77,"column":null}},"24":{"start":{"line":82,"column":21},"end":{"line":82,"column":65}},"25":{"start":{"line":83,"column":4},"end":{"line":83,"column":null}},"26":{"start":{"line":88,"column":21},"end":{"line":88,"column":67}},"27":{"start":{"line":89,"column":4},"end":{"line":89,"column":null}},"28":{"start":{"line":93,"column":0},"end":{"line":93,"column":null}}},"fnMap":{"0":{"name":"(anonymous_1)","decl":{"start":{"line":16,"column":2},"end":{"line":16,"column":3}},"loc":{"start":{"line":16,"column":41},"end":{"line":22,"column":3}}},"1":{"name":"(anonymous_2)","decl":{"start":{"line":23,"column":2},"end":{"line":23,"column":3}},"loc":{"start":{"line":23,"column":24},"end":{"line":25,"column":3}}},"2":{"name":"(anonymous_3)","decl":{"start":{"line":30,"column":2},"end":{"line":30,"column":3}},"loc":{"start":{"line":30,"column":30},"end":{"line":32,"column":3}}},"3":{"name":"(anonymous_4)","decl":{"start":{"line":33,"column":2},"end":{"line":33,"column":3}},"loc":{"start":{"line":33,"column":24},"end":{"line":36,"column":3}}},"4":{"name":"(anonymous_5)","decl":{"start":{"line":41,"column":16},"end":{"line":41,"column":21}},"loc":{"start":{"line":46,"column":45},"end":{"line":49,"column":3}}},"5":{"name":"(anonymous_6)","decl":{"start":{"line":52,"column":15},"end":{"line":52,"column":20}},"loc":{"start":{"line":52,"column":55},"end":{"line":55,"column":3}}},"6":{"name":"(anonymous_7)","decl":{"start":{"line":58,"column":18},"end":{"line":58,"column":23}},"loc":{"start":{"line":58,"column":70},"end":{"line":61,"column":3}}},"7":{"name":"(anonymous_8)","decl":{"start":{"line":64,"column":18},"end":{"line":64,"column":23}},"loc":{"start":{"line":64,"column":82},"end":{"line":67,"column":3}}},"8":{"name":"(anonymous_9)","decl":{"start":{"line":70,"column":18},"end":{"line":70,"column":23}},"loc":{"start":{"line":70,"column":54},"end":{"line":72,"column":3}}},"9":{"name":"(anonymous_10)","decl":{"start":{"line":75,"column":20},"end":{"line":75,"column":25}},"loc":{"start":{"line":75,"column":55},"end":{"line":78,"column":3}}},"10":{"name":"(anonymous_11)","decl":{"start":{"line":81,"column":20},"end":{"line":81,"column":25}},"loc":{"start":{"line":81,"column":60},"end":{"line":84,"column":3}}},"11":{"name":"(anonymous_12)","decl":{"start":{"line":87,"column":22},"end":{"line":87,"column":27}},"loc":{"start":{"line":87,"column":62},"end":{"line":90,"column":3}}}},"branchMap":{"0":{"loc":{"start":{"line":4,"column":21},"end":{"line":4,"column":59}},"type":"binary-expr","locations":[{"start":{"line":4,"column":21},"end":{"line":4,"column":49}},{"start":{"line":4,"column":53},"end":{"line":4,"column":59}}]},"1":{"loc":{"start":{"line":18,"column":4},"end":{"line":20,"column":5}},"type":"if","locations":[{"start":{"line":18,"column":4},"end":{"line":20,"column":5}},{"start":{},"end":{}}]},"2":{"loc":{"start":{"line":34,"column":32},"end":{"line":34,"column":69}},"type":"binary-expr","locations":[{"start":{"line":34,"column":32},"end":{"line":34,"column":52}},{"start":{"line":34,"column":56},"end":{"line":34,"column":69}}]}},"s":{"0":0,"1":0,"2":0,"3":0,"4":0,"5":0,"6":0,"7":0,"8":0,"9":0,"10":0,"11":0,"12":0,"13":0,"14":0,"15":0,"16":0,"17":0,"18":0,"19":0,"20":0,"21":0,"22":0,"23":0,"24":0,"25":0,"26":0,"27":0,"28":0},"f":{"0":0,"1":0,"2":0,"3":0,"4":0,"5":0,"6":0,"7":0,"8":0,"9":0,"10":0,"11":0},"b":{"0":[0,0],"1":[0,0],"2":[0,0]}}
,"C:\\Users\\crash\\Documents\\django-react\\frontend\\src\\test\\helpers.ts": {"path":"C:\\Users\\crash\\Documents\\django-react\\frontend\\src\\test\\helpers.ts","statementMap":{"0":{"start":{"line":9,"column":24},"end":{"line":9,"column":108}},"1":{"start":{"line":9,"column":42},"end":{"line":9,"column":108}},"2":{"start":{"line":9,"column":13},"end":{"line":9,"column":24}},"3":{"start":{"line":11,"column":29},"end":{"line":31,"column":1}},"4":{"start":{"line":12,"column":16},"end":{"line":12,"column":26}},"5":{"start":{"line":15,"column":2},"end":{"line":15,"column":29}},"6":{"start":{"line":16,"column":2},"end":{"line":16,"column":53}},"7":{"start":{"line":19,"column":2},"end":{"line":23,"column":5}},"8":{"start":{"line":20,"column":4},"end":{"line":22,"column":5}},"9":{"start":{"line":21,"column":6},"end":{"line":21,"column":25}},"10":{"start":{"line":26,"column":2},"end":{"line":30,"column":5}},"11":{"start":{"line":27,"column":4},"end":{"line":29,"column":5}},"12":{"start":{"line":28,"column":6},"end":{"line":28,"column":25}},"13":{"start":{"line":11,"column":13},"end":{"line":11,"column":29}},"14":{"start":{"line":33,"column":27},"end":{"line":36,"column":1}},"15":{"start":{"line":34,"column":16},"end":{"line":34,"column":26}},"16":{"start":{"line":35,"column":2},"end":{"line":35,"column":42}},"17":{"start":{"line":33,"column":13},"end":{"line":33,"column":27}},"18":{"start":{"line":38,"column":29},"end":{"line":41,"column":1}},"19":{"start":{"line":39,"column":16},"end":{"line":39,"column":26}},"20":{"start":{"line":40,"column":2},"end":{"line":40,"column":53}},"21":{"start":{"line":38,"column":13},"end":{"line":38,"column":29}}},"fnMap":{"0":{"name":"(anonymous_0)","decl":{"start":{"line":9,"column":24},"end":{"line":9,"column":38}},"loc":{"start":{"line":9,"column":42},"end":{"line":9,"column":108}}},"1":{"name":"(anonymous_1)","decl":{"start":{"line":11,"column":29},"end":{"line":11,"column":32}},"loc":{"start":{"line":11,"column":34},"end":{"line":31,"column":1}}},"2":{"name":"(anonymous_2)","decl":{"start":{"line":19,"column":43},"end":{"line":19,"column":44}},"loc":{"start":{"line":19,"column":65},"end":{"line":23,"column":3}}},"3":{"name":"(anonymous_3)","decl":{"start":{"line":26,"column":37},"end":{"line":26,"column":38}},"loc":{"start":{"line":26,"column":59},"end":{"line":30,"column":3}}},"4":{"name":"(anonymous_4)","decl":{"start":{"line":33,"column":27},"end":{"line":33,"column":28}},"loc":{"start":{"line":33,"column":42},"end":{"line":36,"column":1}}},"5":{"name":"(anonymous_5)","decl":{"start":{"line":38,"column":29},"end":{"line":38,"column":32}},"loc":{"start":{"line":38,"column":34},"end":{"line":41,"column":1}}}},"branchMap":{"0":{"loc":{"start":{"line":20,"column":4},"end":{"line":22,"column":5}},"type":"if","locations":[{"start":{"line":20,"column":4},"end":{"line":22,"column":5}},{"start":{},"end":{}}]},"1":{"loc":{"start":{"line":27,"column":4},"end":{"line":29,"column":5}},"type":"if","locations":[{"start":{"line":27,"column":4},"end":{"line":29,"column":5}},{"start":{},"end":{}}]}},"s":{"0":0,"1":0,"2":0,"3":0,"4":0,"5":0,"6":0,"7":0,"8":0,"9":0,"10":0,"11":0,"12":0,"13":0,"14":0,"15":0,"16":0,"17":0,"18":0,"19":0,"20":0,"21":0},"f":{"0":0,"1":0,"2":0,"3":0,"4":0,"5":0},"b":{"0":[0,0],"1":[0,0]}}
,"C:\\Users\\crash\\Documents\\django-react\\frontend\\src\\test\\setup.ts": {"path":"C:\\Users\\crash\\Documents\\django-react\\frontend\\src\\test\\setup.ts","statementMap":{"0":{"start":{"line":39,"column":0},"end":{"line":43,"column":4}},"1":{"start":{"line":39,"column":37},"end":{"line":43,"column":2}},"2":{"start":{"line":41,"column":21},"end":{"line":41,"column":33}},"3":{"start":{"line":68,"column":0},"end":{"line":76,"column":4}},"4":{"start":{"line":68,"column":36},"end":{"line":76,"column":2}},"5":{"start":{"line":86,"column":0},"end":{"line":88,"column":4}},"6":{"start":{"line":86,"column":36},"end":{"line":88,"column":2}},"7":{"start":{"line":1,"column":0},"end":{"line":1,"column":35}},"8":{"start":{"line":35,"column":21},"end":{"line":35,"column":30}},"9":{"start":{"line":36,"column":22},"end":{"line":36,"column":56}},"10":{"start":{"line":36,"column":37},"end":{"line":36,"column":54}},"11":{"start":{"line":46,"column":24},"end":{"line":65,"column":2}},"12":{"start":{"line":79,"column":18},"end":{"line":84,"column":2}},"13":{"start":{"line":91,"column":1},"end":{"line":96,"column":2}}},"fnMap":{"0":{"name":"(anonymous_0)","decl":{"start":{"line":39,"column":30},"end":{"line":39,"column":33}},"loc":{"start":{"line":39,"column":37},"end":{"line":43,"column":2}}},"1":{"name":"(anonymous_1)","decl":{"start":{"line":41,"column":15},"end":{"line":41,"column":18}},"loc":{"start":{"line":41,"column":21},"end":{"line":41,"column":33}}},"2":{"name":"(anonymous_2)","decl":{"start":{"line":68,"column":29},"end":{"line":68,"column":32}},"loc":{"start":{"line":68,"column":36},"end":{"line":76,"column":2}}},"3":{"name":"(anonymous_3)","decl":{"start":{"line":86,"column":29},"end":{"line":86,"column":32}},"loc":{"start":{"line":86,"column":36},"end":{"line":88,"column":2}}},"4":{"name":"(anonymous_4)","decl":{"start":{"line":36,"column":30},"end":{"line":36,"column":33}},"loc":{"start":{"line":36,"column":37},"end":{"line":36,"column":54}}}},"branchMap":{},"s":{"0":0,"1":0,"2":0,"3":0,"4":0,"5":0,"6":0,"7":0,"8":0,"9":0,"10":0,"11":0,"12":0,"13":0},"f":{"0":0,"1":0,"2":0,"3":0,"4":0},"b":{}}
,"C:\\Users\\crash\\Documents\\django-react\\frontend\\src\\tests\\App.test.tsx": {"path":"C:\\Users\\crash\\Documents\\django-react\\frontend\\src\\tests\\App.test.tsx","statementMap":{"0":{"start":{"line":1,"column":0},"end":{"line":1,"column":64}},"1":{"start":{"line":8,"column":0},"end":{"line":10,"column":null}},"2":{"start":{"line":8,"column":39},"end":{"line":10,"column":2}},"3":{"start":{"line":9,"column":17},"end":{"line":9,"column":66}},"4":{"start":{"line":12,"column":0},"end":{"line":14,"column":null}},"5":{"start":{"line":12,"column":42},"end":{"line":14,"column":2}},"6":{"start":{"line":13,"column":17},"end":{"line":13,"column":74}},"7":{"start":{"line":16,"column":0},"end":{"line":18,"column":null}},"8":{"start":{"line":16,"column":44},"end":{"line":18,"column":2}},"9":{"start":{"line":17,"column":17},"end":{"line":17,"column":78}},"10":{"start":{"line":20,"column":0},"end":{"line":22,"column":null}},"11":{"start":{"line":20,"column":42},"end":{"line":22,"column":2}},"12":{"start":{"line":21,"column":17},"end":{"line":21,"column":74}},"13":{"start":{"line":24,"column":0},"end":{"line":26,"column":null}},"14":{"start":{"line":24,"column":38},"end":{"line":26,"column":2}},"15":{"start":{"line":25,"column":17},"end":{"line":25,"column":66}},"16":{"start":{"line":29,"column":0},"end":{"line":39,"column":null}},"17":{"start":{"line":29,"column":41},"end":{"line":39,"column":2}},"18":{"start":{"line":31,"column":4},"end":{"line":36,"column":null}},"19":{"start":{"line":2,"column":0},"end":{"line":2,"column":55}},"20":{"start":{"line":3,"column":0},"end":{"line":3,"column":48}},"21":{"start":{"line":4,"column":0},"end":{"line":4,"column":24}},"22":{"start":{"line":5,"column":0},"end":{"line":5,"column":34}},"23":{"start":{"line":41,"column":25},"end":{"line":48,"column":1}},"24":{"start":{"line":42,"column":2},"end":{"line":42,"column":null}},"25":{"start":{"line":43,"column":2},"end":{"line":47,"column":null}},"26":{"start":{"line":50,"column":0},"end":{"line":96,"column":null}},"27":{"start":{"line":51,"column":2},"end":{"line":53,"column":null}},"28":{"start":{"line":52,"column":4},"end":{"line":52,"column":null}},"29":{"start":{"line":55,"column":2},"end":{"line":58,"column":null}},"30":{"start":{"line":56,"column":4},"end":{"line":56,"column":null}},"31":{"start":{"line":57,"column":4},"end":{"line":57,"column":null}},"32":{"start":{"line":60,"column":2},"end":{"line":63,"column":null}},"33":{"start":{"line":61,"column":4},"end":{"line":61,"column":null}},"34":{"start":{"line":62,"column":4},"end":{"line":62,"column":null}},"35":{"start":{"line":65,"column":2},"end":{"line":68,"column":null}},"36":{"start":{"line":66,"column":4},"end":{"line":66,"column":null}},"37":{"start":{"line":67,"column":4},"end":{"line":67,"column":null}},"38":{"start":{"line":70,"column":2},"end":{"line":73,"column":null}},"39":{"start":{"line":71,"column":4},"end":{"line":71,"column":null}},"40":{"start":{"line":72,"column":4},"end":{"line":72,"column":null}},"41":{"start":{"line":75,"column":2},"end":{"line":78,"column":null}},"42":{"start":{"line":76,"column":4},"end":{"line":76,"column":null}},"43":{"start":{"line":77,"column":4},"end":{"line":77,"column":null}},"44":{"start":{"line":80,"column":2},"end":{"line":83,"column":null}},"45":{"start":{"line":81,"column":4},"end":{"line":81,"column":null}},"46":{"start":{"line":82,"column":4},"end":{"line":82,"column":null}},"47":{"start":{"line":85,"column":2},"end":{"line":88,"column":null}},"48":{"start":{"line":86,"column":4},"end":{"line":86,"column":null}},"49":{"start":{"line":87,"column":4},"end":{"line":87,"column":null}},"50":{"start":{"line":90,"column":2},"end":{"line":95,"column":null}},"51":{"start":{"line":91,"column":4},"end":{"line":91,"column":null}},"52":{"start":{"line":92,"column":4},"end":{"line":92,"column":null}},"53":{"start":{"line":93,"column":4},"end":{"line":93,"column":null}},"54":{"start":{"line":94,"column":4},"end":{"line":94,"column":null}}},"fnMap":{"0":{"name":"(anonymous_1)","decl":{"start":{"line":8,"column":32},"end":{"line":8,"column":35}},"loc":{"start":{"line":8,"column":39},"end":{"line":10,"column":2}}},"1":{"name":"(anonymous_2)","decl":{"start":{"line":9,"column":11},"end":{"line":9,"column":14}},"loc":{"start":{"line":9,"column":17},"end":{"line":9,"column":66}}},"2":{"name":"(anonymous_3)","decl":{"start":{"line":12,"column":35},"end":{"line":12,"column":38}},"loc":{"start":{"line":12,"column":42},"end":{"line":14,"column":2}}},"3":{"name":"(anonymous_4)","decl":{"start":{"line":13,"column":11},"end":{"line":13,"column":14}},"loc":{"start":{"line":13,"column":17},"end":{"line":13,"column":74}}},"4":{"name":"(anonymous_5)","decl":{"start":{"line":16,"column":37},"end":{"line":16,"column":40}},"loc":{"start":{"line":16,"column":44},"end":{"line":18,"column":2}}},"5":{"name":"(anonymous_6)","decl":{"start":{"line":17,"column":11},"end":{"line":17,"column":14}},"loc":{"start":{"line":17,"column":17},"end":{"line":17,"column":78}}},"6":{"name":"(anonymous_7)","decl":{"start":{"line":20,"column":35},"end":{"line":20,"column":38}},"loc":{"start":{"line":20,"column":42},"end":{"line":22,"column":2}}},"7":{"name":"(anonymous_8)","decl":{"start":{"line":21,"column":11},"end":{"line":21,"column":14}},"loc":{"start":{"line":21,"column":17},"end":{"line":21,"column":74}}},"8":{"name":"(anonymous_9)","decl":{"start":{"line":24,"column":31},"end":{"line":24,"column":34}},"loc":{"start":{"line":24,"column":38},"end":{"line":26,"column":2}}},"9":{"name":"(anonymous_10)","decl":{"start":{"line":25,"column":11},"end":{"line":25,"column":14}},"loc":{"start":{"line":25,"column":17},"end":{"line":25,"column":66}}},"10":{"name":"(anonymous_11)","decl":{"start":{"line":29,"column":34},"end":{"line":29,"column":37}},"loc":{"start":{"line":29,"column":41},"end":{"line":39,"column":2}}},"11":{"name":"(anonymous_12)","decl":{"start":{"line":30,"column":11},"end":{"line":30,"column":12}},"loc":{"start":{"line":31,"column":4},"end":{"line":36,"column":null}}},"12":{"name":"(anonymous_13)","decl":{"start":{"line":41,"column":25},"end":{"line":41,"column":26}},"loc":{"start":{"line":41,"column":48},"end":{"line":48,"column":1}}},"13":{"name":"(anonymous_14)","decl":{"start":{"line":50,"column":16},"end":{"line":50,"column":19}},"loc":{"start":{"line":50,"column":21},"end":{"line":96,"column":1}}},"14":{"name":"(anonymous_15)","decl":{"start":{"line":51,"column":13},"end":{"line":51,"column":16}},"loc":{"start":{"line":51,"column":18},"end":{"line":53,"column":3}}},"15":{"name":"(anonymous_16)","decl":{"start":{"line":55,"column":33},"end":{"line":55,"column":36}},"loc":{"start":{"line":55,"column":38},"end":{"line":58,"column":3}}},"16":{"name":"(anonymous_17)","decl":{"start":{"line":60,"column":50},"end":{"line":60,"column":53}},"loc":{"start":{"line":60,"column":55},"end":{"line":63,"column":3}}},"17":{"name":"(anonymous_18)","decl":{"start":{"line":65,"column":59},"end":{"line":65,"column":62}},"loc":{"start":{"line":65,"column":64},"end":{"line":68,"column":3}}},"18":{"name":"(anonymous_19)","decl":{"start":{"line":70,"column":63},"end":{"line":70,"column":66}},"loc":{"start":{"line":70,"column":68},"end":{"line":73,"column":3}}},"19":{"name":"(anonymous_20)","decl":{"start":{"line":75,"column":65},"end":{"line":75,"column":68}},"loc":{"start":{"line":75,"column":70},"end":{"line":78,"column":3}}},"20":{"name":"(anonymous_21)","decl":{"start":{"line":80,"column":68},"end":{"line":80,"column":71}},"loc":{"start":{"line":80,"column":73},"end":{"line":83,"column":3}}},"21":{"name":"(anonymous_22)","decl":{"start":{"line":85,"column":54},"end":{"line":85,"column":57}},"loc":{"start":{"line":85,"column":59},"end":{"line":88,"column":3}}},"22":{"name":"(anonymous_23)","decl":{"start":{"line":90,"column":38},"end":{"line":90,"column":41}},"loc":{"start":{"line":90,"column":43},"end":{"line":95,"column":3}}}},"branchMap":{"0":{"loc":{"start":{"line":41,"column":26},"end":{"line":41,"column":44}},"type":"default-arg","locations":[{"start":{"line":41,"column":41},"end":{"line":41,"column":44}}]}},"s":{"0":0,"1":0,"2":0,"3":0,"4":0,"5":0,"6":0,"7":0,"8":0,"9":0,"10":0,"11":0,"12":0,"13":0,"14":0,"15":0,"16":0,"17":0,"18":0,"19":0,"20":0,"21":0,"22":0,"23":0,"24":0,"25":0,"26":0,"27":0,"28":0,"29":0,"30":0,"31":0,"32":0,"33":0,"34":0,"35":0,"36":0,"37":0,"38":0,"39":0,"40":0,"41":0,"42":0,"43":0,"44":0,"45":0,"46":0,"47":0,"48":0,"49":0,"50":0,"51":0,"52":0,"53":0,"54":0},"f":{"0":0,"1":0,"2":0,"3":0,"4":0,"5":0,"6":0,"7":0,"8":0,"9":0,"10":0,"11":0,"12":0,"13":0,"14":0,"15":0,"16":0,"17":0,"18":0,"19":0,"20":0,"21":0,"22":0},"b":{"0":[0]}}
,"C:\\Users\\crash\\Documents\\django-react\\frontend\\src\\tests\\CustomerForm.accessibility.test.tsx": {"path":"C:\\Users\\crash\\Documents\\django-react\\frontend\\src\\tests\\CustomerForm.accessibility.test.tsx","statementMap":{"0":{"start":{"line":1,"column":0},"end":{"line":1,"column":64}},"1":{"start":{"line":10,"column":0},"end":{"line":16,"column":null}},"2":{"start":{"line":11,"column":17},"end":{"line":11,"column":55}},"3":{"start":{"line":12,"column":2},"end":{"line":15,"column":null}},"4":{"start":{"line":14,"column":23},"end":{"line":14,"column":35}},"5":{"start":{"line":2,"column":0},"end":{"line":2,"column":64}},"6":{"start":{"line":3,"column":0},"end":{"line":3,"column":51}},"7":{"start":{"line":4,"column":0},"end":{"line":4,"column":47}},"8":{"start":{"line":5,"column":0},"end":{"line":5,"column":48}},"9":{"start":{"line":6,"column":0},"end":{"line":6,"column":34}},"10":{"start":{"line":9,"column":21},"end":{"line":9,"column":30}},"11":{"start":{"line":18,"column":25},"end":{"line":24,"column":1}},"12":{"start":{"line":19,"column":2},"end":{"line":23,"column":null}},"13":{"start":{"line":26,"column":0},"end":{"line":326,"column":null}},"14":{"start":{"line":27,"column":2},"end":{"line":29,"column":null}},"15":{"start":{"line":28,"column":4},"end":{"line":28,"column":null}},"16":{"start":{"line":31,"column":2},"end":{"line":132,"column":null}},"17":{"start":{"line":32,"column":4},"end":{"line":39,"column":null}},"18":{"start":{"line":33,"column":6},"end":{"line":33,"column":null}},"19":{"start":{"line":36,"column":22},"end":{"line":36,"column":63}},"20":{"start":{"line":37,"column":6},"end":{"line":37,"column":null}},"21":{"start":{"line":38,"column":6},"end":{"line":38,"column":null}},"22":{"start":{"line":41,"column":4},"end":{"line":47,"column":null}},"23":{"start":{"line":42,"column":6},"end":{"line":42,"column":null}},"24":{"start":{"line":45,"column":19},"end":{"line":45,"column":43}},"25":{"start":{"line":46,"column":6},"end":{"line":46,"column":null}},"26":{"start":{"line":49,"column":4},"end":{"line":59,"column":null}},"27":{"start":{"line":50,"column":6},"end":{"line":50,"column":null}},"28":{"start":{"line":53,"column":27},"end":{"line":53,"column":74}},"29":{"start":{"line":54,"column":27},"end":{"line":54,"column":83}},"30":{"start":{"line":56,"column":6},"end":{"line":56,"column":null}},"31":{"start":{"line":57,"column":6},"end":{"line":57,"column":null}},"32":{"start":{"line":58,"column":6},"end":{"line":58,"column":null}},"33":{"start":{"line":61,"column":4},"end":{"line":80,"column":null}},"34":{"start":{"line":62,"column":6},"end":{"line":62,"column":null}},"35":{"start":{"line":65,"column":21},"end":{"line":70,"column":null}},"36":{"start":{"line":72,"column":6},"end":{"line":79,"column":null}},"37":{"start":{"line":73,"column":22},"end":{"line":73,"column":50}},"38":{"start":{"line":74,"column":8},"end":{"line":74,"column":null}},"39":{"start":{"line":77,"column":29},"end":{"line":77,"column":52}},"40":{"start":{"line":78,"column":8},"end":{"line":78,"column":null}},"41":{"start":{"line":82,"column":4},"end":{"line":98,"column":null}},"42":{"start":{"line":83,"column":19},"end":{"line":83,"column":36}},"43":{"start":{"line":84,"column":6},"end":{"line":84,"column":null}},"44":{"start":{"line":87,"column":6},"end":{"line":87,"column":null}},"45":{"start":{"line":89,"column":6},"end":{"line":97,"column":null}},"46":{"start":{"line":91,"column":31},"end":{"line":91,"column":67}},"47":{"start":{"line":92,"column":29},"end":{"line":92,"column":71}},"48":{"start":{"line":94,"column":8},"end":{"line":94,"column":null}},"49":{"start":{"line":95,"column":8},"end":{"line":95,"column":null}},"50":{"start":{"line":96,"column":8},"end":{"line":96,"column":null}},"51":{"start":{"line":100,"column":4},"end":{"line":117,"column":null}},"52":{"start":{"line":101,"column":19},"end":{"line":101,"column":36}},"53":{"start":{"line":102,"column":6},"end":{"line":102,"column":null}},"54":{"start":{"line":105,"column":6},"end":{"line":105,"column":null}},"55":{"start":{"line":106,"column":6},"end":{"line":106,"column":null}},"56":{"start":{"line":107,"column":6},"end":{"line":107,"column":null}},"57":{"start":{"line":108,"column":6},"end":{"line":108,"column":null}},"58":{"start":{"line":110,"column":6},"end":{"line":110,"column":null}},"59":{"start":{"line":113,"column":6},"end":{"line":116,"column":null}},"60":{"start":{"line":114,"column":28},"end":{"line":114,"column":68}},"61":{"start":{"line":115,"column":8},"end":{"line":115,"column":null}},"62":{"start":{"line":119,"column":4},"end":{"line":131,"column":null}},"63":{"start":{"line":120,"column":19},"end":{"line":120,"column":36}},"64":{"start":{"line":121,"column":6},"end":{"line":121,"column":null}},"65":{"start":{"line":124,"column":25},"end":{"line":124,"column":61}},"66":{"start":{"line":125,"column":6},"end":{"line":125,"column":null}},"67":{"start":{"line":126,"column":6},"end":{"line":126,"column":null}},"68":{"start":{"line":129,"column":6},"end":{"line":129,"column":null}},"69":{"start":{"line":130,"column":6},"end":{"line":130,"column":null}},"70":{"start":{"line":134,"column":2},"end":{"line":184,"column":null}},"71":{"start":{"line":135,"column":4},"end":{"line":154,"column":null}},"72":{"start":{"line":136,"column":19},"end":{"line":136,"column":36}},"73":{"start":{"line":137,"column":6},"end":{"line":137,"column":null}},"74":{"start":{"line":140,"column":34},"end":{"line":147,"column":null}},"75":{"start":{"line":150,"column":6},"end":{"line":153,"column":7}},"76":{"start":{"line":150,"column":19},"end":{"line":150,"column":20}},"77":{"start":{"line":151,"column":8},"end":{"line":151,"column":null}},"78":{"start":{"line":152,"column":8},"end":{"line":152,"column":null}},"79":{"start":{"line":156,"column":4},"end":{"line":170,"column":null}},"80":{"start":{"line":157,"column":19},"end":{"line":157,"column":36}},"81":{"start":{"line":158,"column":6},"end":{"line":158,"column":null}},"82":{"start":{"line":161,"column":6},"end":{"line":161,"column":null}},"83":{"start":{"line":162,"column":6},"end":{"line":162,"column":null}},"84":{"start":{"line":163,"column":6},"end":{"line":163,"column":null}},"85":{"start":{"line":164,"column":6},"end":{"line":164,"column":null}},"86":{"start":{"line":167,"column":6},"end":{"line":169,"column":null}},"87":{"start":{"line":168,"column":8},"end":{"line":168,"column":null}},"88":{"start":{"line":172,"column":4},"end":{"line":183,"column":null}},"89":{"start":{"line":173,"column":19},"end":{"line":173,"column":36}},"90":{"start":{"line":174,"column":6},"end":{"line":174,"column":null}},"91":{"start":{"line":177,"column":6},"end":{"line":177,"column":null}},"92":{"start":{"line":178,"column":6},"end":{"line":178,"column":null}},"93":{"start":{"line":182,"column":6},"end":{"line":182,"column":null}},"94":{"start":{"line":186,"column":2},"end":{"line":227,"column":null}},"95":{"start":{"line":187,"column":4},"end":{"line":195,"column":null}},"96":{"start":{"line":188,"column":6},"end":{"line":188,"column":null}},"97":{"start":{"line":191,"column":6},"end":{"line":191,"column":null}},"98":{"start":{"line":192,"column":6},"end":{"line":192,"column":null}},"99":{"start":{"line":193,"column":6},"end":{"line":193,"column":null}},"100":{"start":{"line":194,"column":6},"end":{"line":194,"column":null}},"101":{"start":{"line":197,"column":4},"end":{"line":208,"column":null}},"102":{"start":{"line":198,"column":6},"end":{"line":198,"column":null}},"103":{"start":{"line":201,"column":6},"end":{"line":201,"column":null}},"104":{"start":{"line":204,"column":6},"end":{"line":204,"column":null}},"105":{"start":{"line":205,"column":6},"end":{"line":205,"column":null}},"106":{"start":{"line":206,"column":6},"end":{"line":206,"column":null}},"107":{"start":{"line":207,"column":6},"end":{"line":207,"column":null}},"108":{"start":{"line":210,"column":4},"end":{"line":226,"column":null}},"109":{"start":{"line":211,"column":19},"end":{"line":211,"column":36}},"110":{"start":{"line":212,"column":6},"end":{"line":212,"column":null}},"111":{"start":{"line":215,"column":6},"end":{"line":215,"column":null}},"112":{"start":{"line":216,"column":6},"end":{"line":216,"column":null}},"113":{"start":{"line":217,"column":6},"end":{"line":217,"column":null}},"114":{"start":{"line":218,"column":6},"end":{"line":218,"column":null}},"115":{"start":{"line":220,"column":6},"end":{"line":220,"column":null}},"116":{"start":{"line":223,"column":6},"end":{"line":225,"column":null}},"117":{"start":{"line":224,"column":8},"end":{"line":224,"column":null}},"118":{"start":{"line":229,"column":2},"end":{"line":256,"column":null}},"119":{"start":{"line":230,"column":4},"end":{"line":243,"column":null}},"120":{"start":{"line":231,"column":19},"end":{"line":231,"column":36}},"121":{"start":{"line":232,"column":6},"end":{"line":232,"column":null}},"122":{"start":{"line":235,"column":6},"end":{"line":235,"column":null}},"123":{"start":{"line":237,"column":6},"end":{"line":242,"column":null}},"124":{"start":{"line":239,"column":31},"end":{"line":239,"column":67}},"125":{"start":{"line":240,"column":8},"end":{"line":240,"column":null}},"126":{"start":{"line":241,"column":8},"end":{"line":241,"column":null}},"127":{"start":{"line":245,"column":4},"end":{"line":255,"column":null}},"128":{"start":{"line":246,"column":19},"end":{"line":246,"column":36}},"129":{"start":{"line":247,"column":6},"end":{"line":247,"column":null}},"130":{"start":{"line":250,"column":25},"end":{"line":250,"column":61}},"131":{"start":{"line":251,"column":6},"end":{"line":251,"column":null}},"132":{"start":{"line":253,"column":6},"end":{"line":253,"column":null}},"133":{"start":{"line":254,"column":6},"end":{"line":254,"column":null}},"134":{"start":{"line":258,"column":2},"end":{"line":284,"column":null}},"135":{"start":{"line":259,"column":4},"end":{"line":267,"column":null}},"136":{"start":{"line":260,"column":6},"end":{"line":260,"column":null}},"137":{"start":{"line":263,"column":6},"end":{"line":263,"column":null}},"138":{"start":{"line":264,"column":6},"end":{"line":264,"column":null}},"139":{"start":{"line":265,"column":6},"end":{"line":265,"column":null}},"140":{"start":{"line":266,"column":6},"end":{"line":266,"column":null}},"141":{"start":{"line":269,"column":4},"end":{"line":283,"column":null}},"142":{"start":{"line":270,"column":6},"end":{"line":270,"column":null}},"143":{"start":{"line":274,"column":25},"end":{"line":274,"column":64}},"144":{"start":{"line":275,"column":25},"end":{"line":275,"column":63}},"145":{"start":{"line":281,"column":6},"end":{"line":281,"column":null}},"146":{"start":{"line":282,"column":6},"end":{"line":282,"column":null}},"147":{"start":{"line":286,"column":2},"end":{"line":325,"column":null}},"148":{"start":{"line":287,"column":4},"end":{"line":304,"column":null}},"149":{"start":{"line":288,"column":19},"end":{"line":288,"column":36}},"150":{"start":{"line":289,"column":6},"end":{"line":289,"column":null}},"151":{"start":{"line":292,"column":6},"end":{"line":292,"column":null}},"152":{"start":{"line":294,"column":6},"end":{"line":303,"column":null}},"153":{"start":{"line":296,"column":30},"end":{"line":296,"column":58}},"154":{"start":{"line":297,"column":8},"end":{"line":297,"column":63}},"155":{"start":{"line":300,"column":31},"end":{"line":300,"column":73}},"156":{"start":{"line":301,"column":8},"end":{"line":301,"column":null}},"157":{"start":{"line":302,"column":8},"end":{"line":302,"column":null}},"158":{"start":{"line":306,"column":4},"end":{"line":324,"column":null}},"159":{"start":{"line":307,"column":19},"end":{"line":307,"column":36}},"160":{"start":{"line":308,"column":6},"end":{"line":308,"column":null}},"161":{"start":{"line":311,"column":6},"end":{"line":311,"column":null}},"162":{"start":{"line":313,"column":6},"end":{"line":315,"column":null}},"163":{"start":{"line":314,"column":8},"end":{"line":314,"column":null}},"164":{"start":{"line":318,"column":6},"end":{"line":318,"column":null}},"165":{"start":{"line":321,"column":6},"end":{"line":323,"column":null}},"166":{"start":{"line":322,"column":8},"end":{"line":322,"column":null}}},"fnMap":{"0":{"name":"(anonymous_1)","decl":{"start":{"line":10,"column":30},"end":{"line":10,"column":33}},"loc":{"start":{"line":10,"column":35},"end":{"line":16,"column":1}}},"1":{"name":"(anonymous_2)","decl":{"start":{"line":14,"column":17},"end":{"line":14,"column":20}},"loc":{"start":{"line":14,"column":23},"end":{"line":14,"column":35}}},"2":{"name":"(anonymous_3)","decl":{"start":{"line":18,"column":25},"end":{"line":18,"column":26}},"loc":{"start":{"line":18,"column":65},"end":{"line":24,"column":1}}},"3":{"name":"(anonymous_4)","decl":{"start":{"line":26,"column":39},"end":{"line":26,"column":42}},"loc":{"start":{"line":26,"column":44},"end":{"line":326,"column":1}}},"4":{"name":"(anonymous_5)","decl":{"start":{"line":27,"column":13},"end":{"line":27,"column":16}},"loc":{"start":{"line":27,"column":18},"end":{"line":29,"column":3}}},"5":{"name":"(anonymous_6)","decl":{"start":{"line":31,"column":30},"end":{"line":31,"column":33}},"loc":{"start":{"line":31,"column":35},"end":{"line":132,"column":3}}},"6":{"name":"(anonymous_7)","decl":{"start":{"line":32,"column":39},"end":{"line":32,"column":42}},"loc":{"start":{"line":32,"column":44},"end":{"line":39,"column":5}}},"7":{"name":"(anonymous_8)","decl":{"start":{"line":41,"column":35},"end":{"line":41,"column":38}},"loc":{"start":{"line":41,"column":40},"end":{"line":47,"column":5}}},"8":{"name":"(anonymous_9)","decl":{"start":{"line":49,"column":45},"end":{"line":49,"column":48}},"loc":{"start":{"line":49,"column":50},"end":{"line":59,"column":5}}},"9":{"name":"(anonymous_10)","decl":{"start":{"line":61,"column":51},"end":{"line":61,"column":54}},"loc":{"start":{"line":61,"column":56},"end":{"line":80,"column":5}}},"10":{"name":"(anonymous_11)","decl":{"start":{"line":72,"column":21},"end":{"line":72,"column":22}},"loc":{"start":{"line":72,"column":39},"end":{"line":79,"column":7}}},"11":{"name":"(anonymous_12)","decl":{"start":{"line":82,"column":48},"end":{"line":82,"column":53}},"loc":{"start":{"line":82,"column":59},"end":{"line":98,"column":5}}},"12":{"name":"(anonymous_13)","decl":{"start":{"line":89,"column":20},"end":{"line":89,"column":23}},"loc":{"start":{"line":89,"column":25},"end":{"line":97,"column":7}}},"13":{"name":"(anonymous_14)","decl":{"start":{"line":100,"column":54},"end":{"line":100,"column":59}},"loc":{"start":{"line":100,"column":65},"end":{"line":117,"column":5}}},"14":{"name":"(anonymous_15)","decl":{"start":{"line":113,"column":20},"end":{"line":113,"column":23}},"loc":{"start":{"line":113,"column":25},"end":{"line":116,"column":7}}},"15":{"name":"(anonymous_16)","decl":{"start":{"line":119,"column":57},"end":{"line":119,"column":62}},"loc":{"start":{"line":119,"column":68},"end":{"line":131,"column":5}}},"16":{"name":"(anonymous_17)","decl":{"start":{"line":134,"column":34},"end":{"line":134,"column":37}},"loc":{"start":{"line":134,"column":39},"end":{"line":184,"column":3}}},"17":{"name":"(anonymous_18)","decl":{"start":{"line":135,"column":44},"end":{"line":135,"column":49}},"loc":{"start":{"line":135,"column":55},"end":{"line":154,"column":5}}},"18":{"name":"(anonymous_19)","decl":{"start":{"line":156,"column":49},"end":{"line":156,"column":54}},"loc":{"start":{"line":156,"column":60},"end":{"line":170,"column":5}}},"19":{"name":"(anonymous_20)","decl":{"start":{"line":167,"column":20},"end":{"line":167,"column":23}},"loc":{"start":{"line":167,"column":25},"end":{"line":169,"column":7}}},"20":{"name":"(anonymous_21)","decl":{"start":{"line":172,"column":48},"end":{"lin
[...]
,"C:\\Users\\crash\\Documents\\django-react\\frontend\\src\\tests\\CustomerList.test.tsx": {"path":"C:\\Users\\crash\\Documents\\django-react\\frontend\\src\\tests\\CustomerList.test.tsx","statementMap":{"0":{"start":{"line":1,"column":0},"end":{"line":1,"column":64}},"1":{"start":{"line":2,"column":0},"end":{"line":2,"column":55}},"2":{"start":{"line":3,"column":0},"end":{"line":3,"column":48}},"3":{"start":{"line":4,"column":0},"end":{"line":4,"column":48}},"4":{"start":{"line":5,"column":0},"end":{"line":5,"column":34}},"5":{"start":{"line":7,"column":25},"end":{"line":13,"column":1}},"6":{"start":{"line":8,"column":2},"end":{"line":12,"column":null}},"7":{"start":{"line":15,"column":0},"end":{"line":53,"column":null}},"8":{"start":{"line":16,"column":2},"end":{"line":18,"column":null}},"9":{"start":{"line":17,"column":4},"end":{"line":17,"column":null}},"10":{"start":{"line":20,"column":2},"end":{"line":23,"column":null}},"11":{"start":{"line":21,"column":4},"end":{"line":21,"column":null}},"12":{"start":{"line":22,"column":4},"end":{"line":22,"column":null}},"13":{"start":{"line":25,"column":2},"end":{"line":28,"column":null}},"14":{"start":{"line":26,"column":4},"end":{"line":26,"column":null}},"15":{"start":{"line":27,"column":4},"end":{"line":27,"column":null}},"16":{"start":{"line":30,"column":2},"end":{"line":35,"column":null}},"17":{"start":{"line":31,"column":4},"end":{"line":31,"column":null}},"18":{"start":{"line":32,"column":22},"end":{"line":32,"column":54}},"19":{"start":{"line":33,"column":4},"end":{"line":33,"column":null}},"20":{"start":{"line":34,"column":4},"end":{"line":34,"column":null}},"21":{"start":{"line":37,"column":2},"end":{"line":40,"column":null}},"22":{"start":{"line":38,"column":4},"end":{"line":38,"column":null}},"23":{"start":{"line":39,"column":4},"end":{"line":39,"column":null}},"24":{"start":{"line":42,"column":2},"end":{"line":52,"column":null}},"25":{"start":{"line":43,"column":4},"end":{"line":43,"column":null}},"26":{"start":{"line":46,"column":22},"end":{"line":46,"column":73}},"27":{"start":{"line":47,"column":4},"end":{"line":47,"column":null}},"28":{"start":{"line":50,"column":22},"end":{"line":50,"column":54}},"29":{"start":{"line":51,"column":4},"end":{"line":51,"column":null}}},"fnMap":{"0":{"name":"(anonymous_1)","decl":{"start":{"line":7,"column":25},"end":{"line":7,"column":28}},"loc":{"start":{"line":7,"column":30},"end":{"line":13,"column":1}}},"1":{"name":"(anonymous_2)","decl":{"start":{"line":15,"column":25},"end":{"line":15,"column":28}},"loc":{"start":{"line":15,"column":30},"end":{"line":53,"column":1}}},"2":{"name":"(anonymous_3)","decl":{"start":{"line":16,"column":13},"end":{"line":16,"column":16}},"loc":{"start":{"line":16,"column":18},"end":{"line":18,"column":3}}},"3":{"name":"(anonymous_4)","decl":{"start":{"line":20,"column":45},"end":{"line":20,"column":48}},"loc":{"start":{"line":20,"column":50},"end":{"line":23,"column":3}}},"4":{"name":"(anonymous_5)","decl":{"start":{"line":25,"column":46},"end":{"line":25,"column":49}},"loc":{"start":{"line":25,"column":51},"end":{"line":28,"column":3}}},"5":{"name":"(anonymous_6)","decl":{"start":{"line":30,"column":37},"end":{"line":30,"column":40}},"loc":{"start":{"line":30,"column":42},"end":{"line":35,"column":3}}},"6":{"name":"(anonymous_7)","decl":{"start":{"line":37,"column":34},"end":{"line":37,"column":37}},"loc":{"start":{"line":37,"column":39},"end":{"line":40,"column":3}}},"7":{"name":"(anonymous_8)","decl":{"start":{"line":42,"column":43},"end":{"line":42,"column":46}},"loc":{"start":{"line":42,"column":48},"end":{"line":52,"column":3}}}},"branchMap":{},"s":{"0":0,"1":0,"2":0,"3":0,"4":0,"5":0,"6":0,"7":0,"8":0,"9":0,"10":0,"11":0,"12":0,"13":0,"14":0,"15":0,"16":0,"17":0,"18":0,"19":0,"20":0,"21":0,"22":0,"23":0,"24":0,"25":0,"26":0,"27":0,"28":0,"29":0},"f":{"0":0,"1":0,"2":0,"3":0,"4":0,"5":0,"6":0,"7":0},"b":{}}
,"C:\\Users\\crash\\Documents\\django-react\\frontend\\src\\tests\\Layout.test.tsx": {"path":"C:\\Users\\crash\\Documents\\django-react\\frontend\\src\\tests\\Layout.test.tsx","statementMap":{"0":{"start":{"line":1,"column":0},"end":{"line":1,"column":64}},"1":{"start":{"line":2,"column":0},"end":{"line":2,"column":55}},"2":{"start":{"line":3,"column":0},"end":{"line":3,"column":48}},"3":{"start":{"line":4,"column":0},"end":{"line":4,"column":41}},"4":{"start":{"line":5,"column":0},"end":{"line":5,"column":34}},"5":{"start":{"line":7,"column":25},"end":{"line":13,"column":1}},"6":{"start":{"line":8,"column":2},"end":{"line":12,"column":null}},"7":{"start":{"line":15,"column":0},"end":{"line":68,"column":null}},"8":{"start":{"line":16,"column":2},"end":{"line":18,"column":null}},"9":{"start":{"line":17,"column":4},"end":{"line":17,"column":null}},"10":{"start":{"line":20,"column":2},"end":{"line":23,"column":null}},"11":{"start":{"line":21,"column":4},"end":{"line":21,"column":null}},"12":{"start":{"line":22,"column":4},"end":{"line":22,"column":null}},"13":{"start":{"line":25,"column":2},"end":{"line":31,"column":null}},"14":{"start":{"line":26,"column":4},"end":{"line":26,"column":null}},"15":{"start":{"line":28,"column":4},"end":{"line":28,"column":null}},"16":{"start":{"line":29,"column":4},"end":{"line":29,"column":null}},"17":{"start":{"line":30,"column":4},"end":{"line":30,"column":null}},"18":{"start":{"line":33,"column":2},"end":{"line":39,"column":null}},"19":{"start":{"line":34,"column":24},"end":{"line":34,"column":74}},"20":{"start":{"line":35,"column":4},"end":{"line":35,"column":null}},"21":{"start":{"line":37,"column":4},"end":{"line":37,"column":null}},"22":{"start":{"line":38,"column":4},"end":{"line":38,"column":null}},"23":{"start":{"line":41,"column":2},"end":{"line":49,"column":null}},"24":{"start":{"line":42,"column":4},"end":{"line":42,"column":null}},"25":{"start":{"line":44,"column":26},"end":{"line":44,"column":73}},"26":{"start":{"line":45,"column":26},"end":{"line":45,"column":73}},"27":{"start":{"line":47,"column":4},"end":{"line":47,"column":null}},"28":{"start":{"line":48,"column":4},"end":{"line":48,"column":null}},"29":{"start":{"line":51,"column":2},"end":{"line":59,"column":null}},"30":{"start":{"line":52,"column":4},"end":{"line":52,"column":null}},"31":{"start":{"line":54,"column":16},"end":{"line":54,"column":46}},"32":{"start":{"line":55,"column":17},"end":{"line":55,"column":41}},"33":{"start":{"line":57,"column":4},"end":{"line":57,"column":null}},"34":{"start":{"line":58,"column":4},"end":{"line":58,"column":null}},"35":{"start":{"line":61,"column":2},"end":{"line":67,"column":null}},"36":{"start":{"line":62,"column":4},"end":{"line":62,"column":null}},"37":{"start":{"line":65,"column":25},"end":{"line":65,"column":76}},"38":{"start":{"line":66,"column":4},"end":{"line":66,"column":null}}},"fnMap":{"0":{"name":"(anonymous_1)","decl":{"start":{"line":7,"column":25},"end":{"line":7,"column":26}},"loc":{"start":{"line":7,"column":55},"end":{"line":13,"column":1}}},"1":{"name":"(anonymous_2)","decl":{"start":{"line":15,"column":19},"end":{"line":15,"column":22}},"loc":{"start":{"line":15,"column":24},"end":{"line":68,"column":1}}},"2":{"name":"(anonymous_3)","decl":{"start":{"line":16,"column":13},"end":{"line":16,"column":16}},"loc":{"start":{"line":16,"column":18},"end":{"line":18,"column":3}}},"3":{"name":"(anonymous_4)","decl":{"start":{"line":20,"column":33},"end":{"line":20,"column":36}},"loc":{"start":{"line":20,"column":38},"end":{"line":23,"column":3}}},"4":{"name":"(anonymous_5)","decl":{"start":{"line":25,"column":34},"end":{"line":25,"column":37}},"loc":{"start":{"line":25,"column":39},"end":{"line":31,"column":3}}},"5":{"name":"(anonymous_6)","decl":{"start":{"line":33,"column":33},"end":{"line":33,"column":36}},"loc":{"start":{"line":33,"column":38},"end":{"line":39,"column":3}}},"6":{"name":"(anonymous_7)","decl":{"start":{"line":41,"column":37},"end":{"line":41,"column":40}},"loc":{"start":{"line":41,"column":42},"end":{"line":49,"column":3}}},"7":{"name":"(anonymous_8)","decl":{"start":{"line":51,"column":48},"end":{"line":51,"column":51}},"loc":{"start":{"line":51,"column":53},"end":{"line":59,"column":3}}},"8":{"name":"(anonymous_9)","decl":{"start":{"line":61,"column":38},"end":{"line":61,"column":41}},"loc":{"start":{"line":61,"column":43},"end":{"line":67,"column":3}}}},"branchMap":{},"s":{"0":0,"1":0,"2":0,"3":0,"4":0,"5":0,"6":0,"7":0,"8":0,"9":0,"10":0,"11":0,"12":0,"13":0,"14":0,"15":0,"16":0,"17":0,"18":0,"19":0,"20":0,"21":0,"22":0,"23":0,"24":0,"25":0,"26":0,"27":0,"28":0,"29":0,"30":0,"31":0,"32":0,"33":0,"34":0,"35":0,"36":0,"37":0,"38":0},"f":{"0":0,"1":0,"2":0,"3":0,"4":0,"5":0,"6":0,"7":0,"8":0},"b":{}}
,"C:\\Users\\crash\\Documents\\django-react\\frontend\\src\\tests\\LoadingSpinner.test.tsx": {"path":"C:\\Users\\crash\\Documents\\django-react\\frontend\\src\\tests\\LoadingSpinner.test.tsx","statementMap":{"0":{"start":{"line":1,"column":0},"end":{"line":1,"column":55}},"1":{"start":{"line":2,"column":0},"end":{"line":2,"column":60}},"2":{"start":{"line":4,"column":0},"end":{"line":57,"column":null}},"3":{"start":{"line":5,"column":2},"end":{"line":11,"column":null}},"4":{"start":{"line":6,"column":4},"end":{"line":6,"column":null}},"5":{"start":{"line":8,"column":20},"end":{"line":8,"column":46}},"6":{"start":{"line":9,"column":4},"end":{"line":9,"column":null}},"7":{"start":{"line":10,"column":4},"end":{"line":10,"column":null}},"8":{"start":{"line":13,"column":2},"end":{"line":22,"column":null}},"9":{"start":{"line":14,"column":25},"end":{"line":14,"column":64}},"10":{"start":{"line":15,"column":4},"end":{"line":15,"column":null}},"11":{"start":{"line":17,"column":4},"end":{"line":17,"column":null}},"12":{"start":{"line":18,"column":4},"end":{"line":18,"column":null}},"13":{"start":{"line":20,"column":4},"end":{"line":20,"column":null}},"14":{"start":{"line":21,"column":4},"end":{"line":21,"column":null}},"15":{"start":{"line":24,"column":2},"end":{"line":33,"column":null}},"16":{"start":{"line":25,"column":25},"end":{"line":25,"column":67}},"17":{"start":{"line":26,"column":4},"end":{"line":26,"column":null}},"18":{"start":{"line":28,"column":4},"end":{"line":28,"column":null}},"19":{"start":{"line":29,"column":4},"end":{"line":29,"column":null}},"20":{"start":{"line":31,"column":4},"end":{"line":31,"column":null}},"21":{"start":{"line":32,"column":4},"end":{"line":32,"column":null}},"22":{"start":{"line":35,"column":2},"end":{"line":38,"column":null}},"23":{"start":{"line":36,"column":4},"end":{"line":36,"column":null}},"24":{"start":{"line":37,"column":4},"end":{"line":37,"column":null}},"25":{"start":{"line":40,"column":2},"end":{"line":46,"column":null}},"26":{"start":{"line":41,"column":4},"end":{"line":41,"column":null}},"27":{"start":{"line":42,"column":20},"end":{"line":42,"column":46}},"28":{"start":{"line":44,"column":4},"end":{"line":44,"column":null}},"29":{"start":{"line":45,"column":4},"end":{"line":45,"column":null}},"30":{"start":{"line":48,"column":2},"end":{"line":56,"column":null}},"31":{"start":{"line":49,"column":4},"end":{"line":49,"column":null}},"32":{"start":{"line":50,"column":16},"end":{"line":50,"column":63}},"33":{"start":{"line":52,"column":4},"end":{"line":52,"column":null}},"34":{"start":{"line":53,"column":4},"end":{"line":53,"column":null}},"35":{"start":{"line":54,"column":4},"end":{"line":54,"column":null}},"36":{"start":{"line":55,"column":4},"end":{"line":55,"column":null}}},"fnMap":{"0":{"name":"(anonymous_1)","decl":{"start":{"line":4,"column":27},"end":{"line":4,"column":30}},"loc":{"start":{"line":4,"column":32},"end":{"line":57,"column":1}}},"1":{"name":"(anonymous_2)","decl":{"start":{"line":5,"column":35},"end":{"line":5,"column":38}},"loc":{"start":{"line":5,"column":40},"end":{"line":11,"column":3}}},"2":{"name":"(anonymous_3)","decl":{"start":{"line":13,"column":37},"end":{"line":13,"column":40}},"loc":{"start":{"line":13,"column":42},"end":{"line":22,"column":3}}},"3":{"name":"(anonymous_4)","decl":{"start":{"line":24,"column":38},"end":{"line":24,"column":41}},"loc":{"start":{"line":24,"column":43},"end":{"line":33,"column":3}}},"4":{"name":"(anonymous_5)","decl":{"start":{"line":35,"column":33},"end":{"line":35,"column":36}},"loc":{"start":{"line":35,"column":38},"end":{"line":38,"column":3}}},"5":{"name":"(anonymous_6)","decl":{"start":{"line":40,"column":44},"end":{"line":40,"column":47}},"loc":{"start":{"line":40,"column":49},"end":{"line":46,"column":3}}},"6":{"name":"(anonymous_7)","decl":{"start":{"line":48,"column":44},"end":{"line":48,"column":47}},"loc":{"start":{"line":48,"column":49},"end":{"line":56,"column":3}}}},"branchMap":{},"s":{"0":0,"1":0,"2":0,"3":0,"4":0,"5":0,"6":0,"7":0,"8":0,"9":0,"10":0,"11":0,"12":0,"13":0,"14":0,"15":0,"16":0,"17":0,"18":0,"19":0,"20":0,"21":0,"22":0,"23":0,"24":0,"25":0,"26":0,"27":0,"28":0,"29":0,"30":0,"31":0,"32":0,"33":0,"34":0,"35":0,"36":0},"f":{"0":0,"1":0,"2":0,"3":0,"4":0,"5":0,"6":0},"b":{}}
,"C:\\Users\\crash\\Documents\\django-react\\frontend\\src\\tests\\api.test.ts": {"path":"C:\\Users\\crash\\Documents\\django-react\\frontend\\src\\tests\\api.test.ts","statementMap":{"0":{"start":{"line":1,"column":0},"end":{"line":1,"column":52}},"1":{"start":{"line":6,"column":0},"end":{"line":11,"column":null}},"2":{"start":{"line":7,"column":2},"end":{"line":10,"column":null}},"3":{"start":{"line":9,"column":4},"end":{"line":9,"column":null}}},"fnMap":{"0":{"name":"(anonymous_0)","decl":{"start":{"line":6,"column":24},"end":{"line":6,"column":27}},"loc":{"start":{"line":6,"column":29},"end":{"line":11,"column":1}}},"1":{"name":"(anonymous_1)","decl":{"start":{"line":7,"column":26},"end":{"line":7,"column":29}},"loc":{"start":{"line":7,"column":31},"end":{"line":10,"column":3}}}},"branchMap":{},"s":{"0":0,"1":0,"2":0,"3":0},"f":{"0":0,"1":0},"b":{}}
,"C:\\Users\\crash\\Documents\\django-react\\frontend\\src\\tests\\mock-system.test.ts": {"path":"C:\\Users\\crash\\Documents\\django-react\\frontend\\src\\tests\\mock-system.test.ts","statementMap":{"0":{"start":{"line":1,"column":0},"end":{"line":1,"column":64}},"1":{"start":{"line":2,"column":0},"end":{"line":2,"column":85}},"2":{"start":{"line":4,"column":0},"end":{"line":89,"column":null}},"3":{"start":{"line":5,"column":2},"end":{"line":7,"column":null}},"4":{"start":{"line":6,"column":4},"end":{"line":6,"column":null}},"5":{"start":{"line":9,"column":2},"end":{"line":31,"column":null}},"6":{"start":{"line":10,"column":18},"end":{"line":10,"column":28}},"7":{"start":{"line":13,"column":4},"end":{"line":13,"column":null}},"8":{"start":{"line":14,"column":4},"end":{"line":14,"column":null}},"9":{"start":{"line":17,"column":4},"end":{"line":17,"column":null}},"10":{"start":{"line":18,"column":4},"end":{"line":18,"column":null}},"11":{"start":{"line":19,"column":4},"end":{"line":19,"column":null}},"12":{"start":{"line":20,"column":4},"end":{"line":20,"column":null}},"13":{"start":{"line":21,"column":4},"end":{"line":21,"column":null}},"14":{"start":{"line":22,"column":4},"end":{"line":22,"column":null}},"15":{"start":{"line":23,"column":4},"end":{"line":23,"column":null}},"16":{"start":{"line":24,"column":4},"end":{"line":24,"column":null}},"17":{"start":{"line":27,"column":4},"end":{"line":27,"column":null}},"18":{"start":{"line":28,"column":4},"end":{"line":28,"column":null}},"19":{"start":{"line":29,"column":4},"end":{"line":29,"column":null}},"20":{"start":{"line":30,"column":4},"end":{"line":30,"column":null}},"21":{"start":{"line":33,"column":2},"end":{"line":51,"column":null}},"22":{"start":{"line":34,"column":18},"end":{"line":34,"column":28}},"23":{"start":{"line":37,"column":4},"end":{"line":37,"column":null}},"24":{"start":{"line":38,"column":4},"end":{"line":38,"column":null}},"25":{"start":{"line":39,"column":4},"end":{"line":39,"column":null}},"26":{"start":{"line":42,"column":4},"end":{"line":42,"column":null}},"27":{"start":{"line":43,"column":4},"end":{"line":43,"column":null}},"28":{"start":{"line":44,"column":4},"end":{"line":44,"column":null}},"29":{"start":{"line":47,"column":4},"end":{"line":47,"column":null}},"30":{"start":{"line":48,"column":4},"end":{"line":48,"column":null}},"31":{"start":{"line":49,"column":4},"end":{"line":49,"column":null}},"32":{"start":{"line":50,"column":4},"end":{"line":50,"column":null}},"33":{"start":{"line":53,"column":2},"end":{"line":61,"column":null}},"34":{"start":{"line":54,"column":18},"end":{"line":54,"column":28}},"35":{"start":{"line":56,"column":4},"end":{"line":56,"column":null}},"36":{"start":{"line":57,"column":4},"end":{"line":57,"column":null}},"37":{"start":{"line":59,"column":4},"end":{"line":59,"column":21}},"38":{"start":{"line":60,"column":4},"end":{"line":60,"column":null}},"39":{"start":{"line":63,"column":2},"end":{"line":68,"column":null}},"40":{"start":{"line":64,"column":18},"end":{"line":64,"column":28}},"41":{"start":{"line":66,"column":4},"end":{"line":66,"column":null}},"42":{"start":{"line":67,"column":4},"end":{"line":67,"column":null}},"43":{"start":{"line":70,"column":2},"end":{"line":88,"column":null}},"44":{"start":{"line":71,"column":18},"end":{"line":71,"column":28}},"45":{"start":{"line":74,"column":4},"end":{"line":84,"column":null}},"46":{"start":{"line":87,"column":4},"end":{"line":87,"column":null}}},"fnMap":{"0":{"name":"(anonymous_0)","decl":{"start":{"line":4,"column":24},"end":{"line":4,"column":27}},"loc":{"start":{"line":4,"column":29},"end":{"line":89,"column":1}}},"1":{"name":"(anonymous_1)","decl":{"start":{"line":5,"column":13},"end":{"line":5,"column":16}},"loc":{"start":{"line":5,"column":18},"end":{"line":7,"column":3}}},"2":{"name":"(anonymous_2)","decl":{"start":{"line":9,"column":49},"end":{"line":9,"column":52}},"loc":{"start":{"line":9,"column":54},"end":{"line":31,"column":3}}},"3":{"name":"(anonymous_3)","decl":{"start":{"line":33,"column":36},"end":{"line":33,"column":39}},"loc":{"start":{"line":33,"column":41},"end":{"line":51,"column":3}}},"4":{"name":"(anonymous_4)","decl":{"start":{"line":53,"column":38},"end":{"line":53,"column":41}},"loc":{"start":{"line":53,"column":43},"end":{"line":61,"column":3}}},"5":{"name":"(anonymous_5)","decl":{"start":{"line":63,"column":40},"end":{"line":63,"column":43}},"loc":{"start":{"line":63,"column":45},"end":{"line":68,"column":3}}},"6":{"name":"(anonymous_6)","decl":{"start":{"line":70,"column":53},"end":{"line":70,"column":56}},"loc":{"start":{"line":70,"column":58},"end":{"line":88,"column":3}}}},"branchMap":{},"s":{"0":0,"1":0,"2":0,"3":0,"4":0,"5":0,"6":0,"7":0,"8":0,"9":0,"10":0,"11":0,"12":0,"13":0,"14":0,"15":0,"16":0,"17":0,"18":0,"19":0,"20":0,"21":0,"22":0,"23":0,"24":0,"25":0,"26":0,"27":0,"28":0,"29":0,"30":0,"31":0,"32":0,"33":0,"34":0,"35":0,"36":0,"37":0,"38":0,"39":0,"40":0,"41":0,"42":0,"43":0,"44":0,"45":0,"46":0},"f":{"0":0,"1":0,"2":0,"3":0,"4":0,"5":0,"6":0},"b":{}}
,"C:\\Users\\crash\\Documents\\django-react\\frontend\\src\\types\\index.ts": {"path":"C:\\Users\\crash\\Documents\\django-react\\frontend\\src\\types\\index.ts","statementMap":{"0":{"start":{"line":1,"column":0},"end":{"line":1,"column":26}}},"fnMap":{},"branchMap":{},"s":{"0":0},"f":{},"b":{}}
}
